<?xml version="1.0" encoding="UTF-8"?>
<testsuite xmlns:xsi="http://www.w3.org/2001/XMLSchema-instance" xsi:noNamespaceSchemaLocation="https://maven.apache.org/surefire/maven-surefire-plugin/xsd/surefire-test-report-3.0.xsd" version="3.0" name="com.example.demo.DemoApplicationTests" time="2.58" tests="1" errors="0" skipped="0" failures="0">
  <properties>
    <property name="java.specification.version" value="22"/>
    <property name="sun.jnu.encoding" value="UTF-8"/>
    <property name="java.class.path" value="/Users/william.marcq/Projects/camunda-docusign-walkthrough/target/test-classes:/Users/william.marcq/Projects/camunda-docusign-walkthrough/target/classes:/Users/william.marcq/.m2/repository/io/camunda/connector/spring-boot-starter-camunda-connectors/8.4.6/spring-boot-starter-camunda-connectors-8.4.6.jar:/Users/william.marcq/.m2/repository/io/camunda/connector/connector-runtime-spring/8.4.6/connector-runtime-spring-8.4.6.jar:/Users/william.marcq/.m2/repository/io/camunda/spring/spring-client-zeebe/8.4.2/spring-client-zeebe-8.4.2.jar:/Users/william.marcq/.m2/repository/io/camunda/spring/spring-client-annotations/8.4.2/spring-client-annotations-8.4.2.jar:/Users/william.marcq/.m2/repository/io/camunda/zeebe-client-java/8.4.3/zeebe-client-java-8.4.3.jar:/Users/william.marcq/.m2/repository/com/fasterxml/jackson/core/jackson-core/2.15.4/jackson-core-2.15.4.jar:/Users/william.marcq/.m2/repository/com/fasterxml/jackson/core/jackson-annotations/2.15.4/jackson-annotations-2.15.4.jar:/Users/william.marcq/.m2/repository/io/camunda/zeebe-gateway-protocol-impl/8.4.3/zeebe-gateway-protocol-impl-8.4.3.jar:/Users/william.marcq/.m2/repository/io/grpc/grpc-protobuf/1.60.1/grpc-protobuf-1.60.1.jar:/Users/william.marcq/.m2/repository/com/google/api/grpc/proto-google-common-protos/2.22.0/proto-google-common-protos-2.22.0.jar:/Users/william.marcq/.m2/repository/io/grpc/grpc-protobuf-lite/1.60.1/grpc-protobuf-lite-1.60.1.jar:/Users/william.marcq/.m2/repository/io/grpc/grpc-stub/1.60.1/grpc-stub-1.60.1.jar:/Users/william.marcq/.m2/repository/com/google/errorprone/error_prone_annotations/2.20.0/error_prone_annotations-2.20.0.jar:/Users/william.marcq/.m2/repository/io/grpc/grpc-core/1.60.1/grpc-core-1.60.1.jar:/Users/william.marcq/.m2/repository/com/google/android/annotations/4.1.1.4/annotations-4.1.1.4.jar:/Users/william.marcq/.m2/repository/org/codehaus/mojo/animal-sniffer-annotations/1.23/animal-sniffer-annotations-1.23.jar:/Users/william.marcq/.m2/repository/io/perfmark/perfmark-api/0.26.0/perfmark-api-0.26.0.jar:/Users/william.marcq/.m2/repository/io/grpc/grpc-context/1.60.1/grpc-context-1.60.1.jar:/Users/william.marcq/.m2/repository/io/grpc/grpc-api/1.60.1/grpc-api-1.60.1.jar:/Users/william.marcq/.m2/repository/com/google/code/findbugs/jsr305/3.0.2/jsr305-3.0.2.jar:/Users/william.marcq/.m2/repository/io/grpc/grpc-netty/1.60.1/grpc-netty-1.60.1.jar:/Users/william.marcq/.m2/repository/io/netty/netty-codec-http2/4.1.107.Final/netty-codec-http2-4.1.107.Final.jar:/Users/william.marcq/.m2/repository/io/netty/netty-codec-http/4.1.107.Final/netty-codec-http-4.1.107.Final.jar:/Users/william.marcq/.m2/repository/io/netty/netty-handler-proxy/4.1.107.Final/netty-handler-proxy-4.1.107.Final.jar:/Users/william.marcq/.m2/repository/io/netty/netty-codec-socks/4.1.107.Final/netty-codec-socks-4.1.107.Final.jar:/Users/william.marcq/.m2/repository/io/netty/netty-transport-native-unix-common/4.1.107.Final/netty-transport-native-unix-common-4.1.107.Final.jar:/Users/william.marcq/.m2/repository/io/grpc/grpc-util/1.60.1/grpc-util-1.60.1.jar:/Users/william.marcq/.m2/repository/com/google/protobuf/protobuf-java/3.25.2/protobuf-java-3.25.2.jar:/Users/william.marcq/.m2/repository/io/netty/netty-tcnative-boringssl-static/2.0.61.Final/netty-tcnative-boringssl-static-2.0.61.Final.jar:/Users/william.marcq/.m2/repository/io/netty/netty-tcnative-classes/2.0.61.Final/netty-tcnative-classes-2.0.61.Final.jar:/Users/william.marcq/.m2/repository/io/netty/netty-tcnative-boringssl-static/2.0.61.Final/netty-tcnative-boringssl-static-2.0.61.Final-linux-x86_64.jar:/Users/william.marcq/.m2/repository/io/netty/netty-tcnative-boringssl-static/2.0.61.Final/netty-tcnative-boringssl-static-2.0.61.Final-linux-aarch_64.jar:/Users/william.marcq/.m2/repository/io/netty/netty-tcnative-boringssl-static/2.0.61.Final/netty-tcnative-boringssl-static-2.0.61.Final-osx-x86_64.jar:/Users/william.marcq/.m2/repository/io/netty/netty-tcnative-boringssl-static/2.0.61.Final/netty-tcnative-boringssl-static-2.0.61.Final-osx-aarch_64.jar:/Users/william.marcq/.m2/repository/io/netty/netty-tcnative-boringssl-static/2.0.61.Final/netty-tcnative-boringssl-static-2.0.61.Final-windows-x86_64.jar:/Users/william.marcq/.m2/repository/io/netty/netty-handler/4.1.107.Final/netty-handler-4.1.107.Final.jar:/Users/william.marcq/.m2/repository/io/netty/netty-resolver/4.1.107.Final/netty-resolver-4.1.107.Final.jar:/Users/william.marcq/.m2/repository/io/netty/netty-buffer/4.1.107.Final/netty-buffer-4.1.107.Final.jar:/Users/william.marcq/.m2/repository/io/netty/netty-transport/4.1.107.Final/netty-transport-4.1.107.Final.jar:/Users/william.marcq/.m2/repository/io/netty/netty-codec/4.1.107.Final/netty-codec-4.1.107.Final.jar:/Users/william.marcq/.m2/repository/io/netty/netty-common/4.1.107.Final/netty-common-4.1.107.Final.jar:/Users/william.marcq/.m2/repository/com/fasterxml/jackson/dataformat/jackson-dataformat-yaml/2.15.4/jackson-dataformat-yaml-2.15.4.jar:/Users/william.marcq/.m2/repository/commons-beanutils/commons-beanutils/1.9.4/commons-beanutils-1.9.4.jar:/Users/william.marcq/.m2/repository/commons-logging/commons-logging/1.2/commons-logging-1.2.jar:/Users/william.marcq/.m2/repository/io/camunda/spring/java-client-operate/8.4.2/java-client-operate-8.4.2.jar:/Users/william.marcq/.m2/repository/io/camunda/spring/java-common/8.4.2/java-common-8.4.2.jar:/Users/william.marcq/.m2/repository/com/google/guava/guava/33.0.0-jre/guava-33.0.0-jre.jar:/Users/william.marcq/.m2/repository/com/google/guava/failureaccess/1.0.2/failureaccess-1.0.2.jar:/Users/william.marcq/.m2/repository/com/google/guava/listenablefuture/9999.0-empty-to-avoid-conflict-with-guava/listenablefuture-9999.0-empty-to-avoid-conflict-with-guava.jar:/Users/william.marcq/.m2/repository/org/checkerframework/checker-qual/3.41.0/checker-qual-3.41.0.jar:/Users/william.marcq/.m2/repository/com/google/j2objc/j2objc-annotations/2.8/j2objc-annotations-2.8.jar:/Users/william.marcq/.m2/repository/io/camunda/zeebe-bpmn-model/8.4.3/zeebe-bpmn-model-8.4.3.jar:/Users/william.marcq/.m2/repository/org/camunda/bpm/model/camunda-xml-model/7.20.0/camunda-xml-model-7.20.0.jar:/Users/william.marcq/.m2/repository/io/camunda/connector/connector-runtime-core/8.4.6/connector-runtime-core-8.4.6.jar:/Users/william.marcq/.m2/repository/com/fasterxml/jackson/core/jackson-databind/2.15.4/jackson-databind-2.15.4.jar:/Users/william.marcq/.m2/repository/com/fasterxml/jackson/datatype/jackson-datatype-jsr310/2.15.4/jackson-datatype-jsr310-2.15.4.jar:/Users/william.marcq/.m2/repository/com/fasterxml/jackson/datatype/jackson-datatype-jdk8/2.15.4/jackson-datatype-jdk8-2.15.4.jar:/Users/william.marcq/.m2/repository/io/camunda/connector/connector-validation/8.4.6/connector-validation-8.4.6.jar:/Users/william.marcq/.m2/repository/io/camunda/connector/connector-core/8.4.6/connector-core-8.4.6.jar:/Users/william.marcq/.m2/repository/org/hibernate/validator/hibernate-validator/8.0.1.Final/hibernate-validator-8.0.1.Final.jar:/Users/william.marcq/.m2/repository/jakarta/validation/jakarta.validation-api/3.0.2/jakarta.validation-api-3.0.2.jar:/Users/william.marcq/.m2/repository/org/jboss/logging/jboss-logging/3.5.3.Final/jboss-logging-3.5.3.Final.jar:/Users/william.marcq/.m2/repository/com/fasterxml/classmate/1.6.0/classmate-1.6.0.jar:/Users/william.marcq/.m2/repository/io/camunda/spring/spring-boot-starter-camunda/8.4.2/spring-boot-starter-camunda-8.4.2.jar:/Users/william.marcq/.m2/repository/org/springframework/boot/spring-boot-starter-json/3.2.4/spring-boot-starter-json-3.2.4.jar:/Users/william.marcq/.m2/repository/com/fasterxml/jackson/module/jackson-module-parameter-names/2.15.4/jackson-module-parameter-names-2.15.4.jar:/Users/william.marcq/.m2/repository/io/github/resilience4j/resilience4j-retry/2.2.0/resilience4j-retry-2.2.0.jar:/Users/william.marcq/.m2/repository/io/github/resilience4j/resilience4j-core/2.2.0/resilience4j-core-2.2.0.jar:/Users/william.marcq/.m2/repository/io/camunda/spring/spring-client-common/8.4.2/spring-client-common-8.4.2.jar:/Users/william.marcq/.m2/repository/io/camunda/identity-spring-boot-starter/8.4.3/identity-spring-boot-starter-8.4.3.jar:/Users/william.marcq/.m2/repository/io/camunda/identity-spring-boot-autoconfigure/8.4.3/identity-spring-boot-autoconfigure-8.4.3.jar:/Users/william.marcq/.m2/repository/io/camunda/identity-sdk/8.4.3/identity-sdk-8.4.3.jar:/Users/william.marcq/.m2/repository/com/auth0/java-jwt/4.4.0/java-jwt-4.4.0.jar:/Users/william.marcq/.m2/repository/com/auth0/auth0/1.45.1/auth0-1.45.1.jar:/Users/william.marcq/.m2/repository/com/squareup/okhttp3/okhttp/4.12.0/okhttp-4.12.0.jar:/Users/william.marcq/.m2/repository/org/jetbrains/kotlin/kotlin-stdlib-jdk8/1.9.23/kotlin-stdlib-jdk8-1.9.23.jar:/Users/william.marcq/.m2/repository/org/jetbrains/kotlin/kotlin-stdlib/1.9.23/kotlin-stdlib-1.9.23.jar:/Users/william.marcq/.m2/repository/org/jetbrains/annotations/13.0/annotations-13.0.jar:/Users/william.marcq/.m2/repository/org/jetbrains/kotlin/kotlin-stdlib-jdk7/1.9.23/kotlin-stdlib-jdk7-1.9.23.jar:/Users/william.marcq/.m2/repository/com/squareup/okio/okio/3.5.0/okio-3.5.0.jar:/Users/william.marcq/.m2/repository/com/squareup/okio/okio-jvm/3.5.0/okio-jvm-3.5.0.jar:/Users/william.marcq/.m2/repository/org/jetbrains/kotlin/kotlin-stdlib-common/1.9.23/kotlin-stdlib-common-1.9.23.jar:/Users/william.marcq/.m2/repository/com/squareup/okhttp3/logging-interceptor/4.12.0/logging-interceptor-4.12.0.jar:/Users/william.marcq/.m2/repository/net/jodah/failsafe/2.4.1/failsafe-2.4.1.jar:/Users/william.marcq/.m2/repository/com/auth0/jwks-rsa/0.22.1/jwks-rsa-0.22.1.jar:/Users/william.marcq/.m2/repository/org/apache/commons/commons-lang3/3.13.0/commons-lang3-3.13.0.jar:/Users/william.marcq/.m2/repository/org/apache/commons/commons-collections4/4.4/commons-collections4-4.4.jar:/Users/william.marcq/.m2/repository/org/ehcache/ehcache/3.10.8/ehcache-3.10.8.jar:/Users/william.marcq/.m2/repository/javax/cache/cache-api/1.1.1/cache-api-1.1.1.jar:/Users/william.marcq/.m2/repository/org/springframework/boot/spring-boot-starter-web/3.2.4/spring-boot-starter-web-3.2.4.jar:/Users/william.marcq/.m2/repository/org/springframework/boot/spring-boot-starter-tomcat/3.2.4/spring-boot-starter-tomcat-3.2.4.jar:/Users/william.marcq/.m2/repository/org/apache/tomcat/embed/tomcat-embed-core/10.1.19/tomcat-embed-core-10.1.19.jar:/Users/william.marcq/.m2/repository/org/apache/tomcat/embed/tomcat-embed-el/10.1.19/tomcat-embed-el-10.1.19.jar:/Users/william.marcq/.m2/repository/org/apache/tomcat/embed/tomcat-embed-websocket/10.1.19/tomcat-embed-websocket-10.1.19.jar:/Users/william.marcq/.m2/repository/org/springframework/spring-web/6.1.5/spring-web-6.1.5.jar:/Users/william.marcq/.m2/repository/org/springframework/spring-beans/6.1.5/spring-beans-6.1.5.jar:/Users/william.marcq/.m2/repository/org/springframework/spring-webmvc/6.1.5/spring-webmvc-6.1.5.jar:/Users/william.marcq/.m2/repository/org/springframework/spring-aop/6.1.5/spring-aop-6.1.5.jar:/Users/william.marcq/.m2/repository/org/springframework/spring-expression/6.1.5/spring-expression-6.1.5.jar:/Users/william.marcq/.m2/repository/org/springframework/boot/spring-boot-starter-actuator/3.2.4/spring-boot-starter-actuator-3.2.4.jar:/Users/william.marcq/.m2/repository/org/springframework/boot/spring-boot-actuator-autoconfigure/3.2.4/spring-boot-actuator-autoconfigure-3.2.4.jar:/Users/william.marcq/.m2/repository/org/springframework/boot/spring-boot-actuator/3.2.4/spring-boot-actuator-3.2.4.jar:/Users/william.marcq/.m2/repository/io/micrometer/micrometer-observation/1.12.4/micrometer-observation-1.12.4.jar:/Users/william.marcq/.m2/repository/io/micrometer/micrometer-commons/1.12.4/micrometer-commons-1.12.4.jar:/Users/william.marcq/.m2/repository/io/micrometer/micrometer-jakarta9/1.12.4/micrometer-jakarta9-1.12.4.jar:/Users/william.marcq/.m2/repository/io/micrometer/micrometer-core/1.12.4/micrometer-core-1.12.4.jar:/Users/william.marcq/.m2/repository/org/hdrhistogram/HdrHistogram/2.1.12/HdrHistogram-2.1.12.jar:/Users/william.marcq/.m2/repository/org/latencyutils/LatencyUtils/2.0.3/LatencyUtils-2.0.3.jar:/Users/william.marcq/.m2/repository/org/springframework/boot/spring-boot-starter/3.2.4/spring-boot-starter-3.2.4.jar:/Users/william.marcq/.m2/repository/org/springframework/boot/spring-boot/3.2.4/spring-boot-3.2.4.jar:/Users/william.marcq/.m2/repository/org/springframework/spring-context/6.1.5/spring-context-6.1.5.jar:/Users/william.marcq/.m2/repository/org/springframework/boot/spring-boot-autoconfigure/3.2.4/spring-boot-autoconfigure-3.2.4.jar:/Users/william.marcq/.m2/repository/org/springframework/boot/spring-boot-starter-logging/3.2.4/spring-boot-starter-logging-3.2.4.jar:/Users/william.marcq/.m2/repository/ch/qos/logback/logback-classic/1.4.14/logback-classic-1.4.14.jar:/Users/william.marcq/.m2/repository/ch/qos/logback/logback-core/1.4.14/logback-core-1.4.14.jar:/Users/william.marcq/.m2/repository/org/apache/logging/log4j/log4j-to-slf4j/2.21.1/log4j-to-slf4j-2.21.1.jar:/Users/william.marcq/.m2/repository/org/apache/logging/log4j/log4j-api/2.21.1/log4j-api-2.21.1.jar:/Users/william.marcq/.m2/repository/org/slf4j/jul-to-slf4j/2.0.12/jul-to-slf4j-2.0.12.jar:/Users/william.marcq/.m2/repository/jakarta/annotation/jakarta.annotation-api/2.1.1/jakarta.annotation-api-2.1.1.jar:/Users/william.marcq/.m2/repository/org/springframework/spring-core/6.1.5/spring-core-6.1.5.jar:/Users/william.marcq/.m2/repository/org/springframework/spring-jcl/6.1.5/spring-jcl-6.1.5.jar:/Users/william.marcq/.m2/repository/org/yaml/snakeyaml/2.2/snakeyaml-2.2.jar:/Users/william.marcq/.m2/repository/org/springframework/boot/spring-boot-starter-test/3.2.4/spring-boot-starter-test-3.2.4.jar:/Users/william.marcq/.m2/repository/org/springframework/boot/spring-boot-test/3.2.4/spring-boot-test-3.2.4.jar:/Users/william.marcq/.m2/repository/org/springframework/boot/spring-boot-test-autoconfigure/3.2.4/spring-boot-test-autoconfigure-3.2.4.jar:/Users/william.marcq/.m2/repository/com/jayway/jsonpath/json-path/2.9.0/json-path-2.9.0.jar:/Users/william.marcq/.m2/repository/jakarta/xml/bind/jakarta.xml.bind-api/4.0.2/jakarta.xml.bind-api-4.0.2.jar:/Users/william.marcq/.m2/repository/jakarta/activation/jakarta.activation-api/2.1.3/jakarta.activation-api-2.1.3.jar:/Users/william.marcq/.m2/repository/net/minidev/json-smart/2.5.0/json-smart-2.5.0.jar:/Users/william.marcq/.m2/repository/net/minidev/accessors-smart/2.5.0/accessors-smart-2.5.0.jar:/Users/william.marcq/.m2/repository/org/ow2/asm/asm/9.3/asm-9.3.jar:/Users/william.marcq/.m2/repository/org/assertj/assertj-core/3.24.2/assertj-core-3.24.2.jar:/Users/william.marcq/.m2/repository/net/bytebuddy/byte-buddy/1.14.12/byte-buddy-1.14.12.jar:/Users/william.marcq/.m2/repository/org/awaitility/awaitility/4.2.0/awaitility-4.2.0.jar:/Users/william.marcq/.m2/repository/org/hamcrest/hamcrest/2.2/hamcrest-2.2.jar:/Users/william.marcq/.m2/repository/org/junit/jupiter/junit-jupiter/5.10.2/junit-jupiter-5.10.2.jar:/Users/william.marcq/.m2/repository/org/junit/jupiter/junit-jupiter-api/5.10.2/junit-jupiter-api-5.10.2.jar:/Users/william.marcq/.m2/repository/org/opentest4j/opentest4j/1.3.0/opentest4j-1.3.0.jar:/Users/william.marcq/.m2/repository/org/junit/platform/junit-platform-commons/1.10.2/junit-platform-commons-1.10.2.jar:/Users/william.marcq/.m2/repository/org/apiguardian/apiguardian-api/1.1.2/apiguardian-api-1.1.2.jar:/Users/william.marcq/.m2/repository/org/junit/jupiter/junit-jupiter-params/5.10.2/junit-jupiter-params-5.10.2.jar:/Users/william.marcq/.m2/repository/org/junit/jupiter/junit-jupiter-engine/5.10.2/junit-jupiter-engine-5.10.2.jar:/Users/william.marcq/.m2/repository/org/junit/platform/junit-platform-engine/1.10.2/junit-platform-engine-1.10.2.jar:/Users/william.marcq/.m2/repository/org/mockito/mockito-core/5.7.0/mockito-core-5.7.0.jar:/Users/william.marcq/.m2/repository/net/bytebuddy/byte-buddy-agent/1.14.12/byte-buddy-agent-1.14.12.jar:/Users/william.marcq/.m2/repository/org/objenesis/objenesis/3.3/objenesis-3.3.jar:/Users/william.marcq/.m2/repository/org/mockito/mockito-junit-jupiter/5.7.0/mockito-junit-jupiter-5.7.0.jar:/Users/william.marcq/.m2/repository/org/skyscreamer/jsonassert/1.5.1/jsonassert-1.5.1.jar:/Users/william.marcq/.m2/repository/com/vaadin/external/google/android-json/0.0.20131108.vaadin1/android-json-0.0.20131108.vaadin1.jar:/Users/william.marcq/.m2/repository/org/springframework/spring-test/6.1.5/spring-test-6.1.5.jar:/Users/william.marcq/.m2/repository/org/xmlunit/xmlunit-core/2.9.1/xmlunit-core-2.9.1.jar:/Users/william.marcq/.m2/repository/com/infosys/camundaconnectors/docusign/connector-docusign/0.1.0-SNAPSHOT/connector-docusign-0.1.0-SNAPSHOT.jar:/Users/william.marcq/.m2/repository/io/camunda/connector/jackson-datatype-feel/8.3.1/jackson-datatype-feel-8.3.1.jar:/Users/william.marcq/.m2/repository/io/camunda/connector/connector-feel-wrapper/8.3.1/connector-feel-wrapper-8.3.1.jar:/Users/william.marcq/.m2/repository/org/camunda/feel/feel-engine/1.17.1/feel-engine-1.17.1.jar:/Users/william.marcq/.m2/repository/org/scala-lang/scala-library/2.13.12/scala-library-2.13.12.jar:/Users/william.marcq/.m2/repository/com/lihaoyi/fastparse_2.13/3.0.2/fastparse_2.13-3.0.2.jar:/Users/william.marcq/.m2/repository/com/lihaoyi/sourcecode_2.13/0.3.0/sourcecode_2.13-0.3.0.jar:/Users/william.marcq/.m2/repository/com/lihaoyi/geny_2.13/1.0.0/geny_2.13-1.0.0.jar:/Users/william.marcq/.m2/repository/com/fasterxml/jackson/module/jackson-module-scala_3/2.15.4/jackson-module-scala_3-2.15.4.jar:/Users/william.marcq/.m2/repository/org/scala-lang/scala3-library_3/3.2.2/scala3-library_3-3.2.2.jar:/Users/william.marcq/.m2/repository/com/thoughtworks/paranamer/paranamer/2.8/paranamer-2.8.jar:/Users/william.marcq/.m2/repository/com/google/code/gson/gson/2.10.1/gson-2.10.1.jar:/Users/william.marcq/.m2/repository/org/apache/httpcomponents/client5/httpclient5/5.2.3/httpclient5-5.2.3.jar:/Users/william.marcq/.m2/repository/org/apache/httpcomponents/core5/httpcore5/5.2.4/httpcore5-5.2.4.jar:/Users/william.marcq/.m2/repository/org/apache/httpcomponents/core5/httpcore5-h2/5.2.4/httpcore5-h2-5.2.4.jar:/Users/william.marcq/.m2/repository/commons-io/commons-io/2.11.0/commons-io-2.11.0.jar:/Users/william.marcq/.m2/repository/org/slf4j/slf4j-api/2.0.12/slf4j-api-2.0.12.jar:/Users/william.marcq/.m2/repository/io/camunda/connector/connector-base64/0.1.0/connector-base64-0.1.0.jar:"/>
    <property name="java.vm.vendor" value="Oracle Corporation"/>
    <property name="sun.arch.data.model" value="64"/>
    <property name="java.vendor.url" value="https://java.oracle.com/"/>
    <property name="user.timezone" value="Europe/Paris"/>
    <property name="org.jboss.logging.provider" value="slf4j"/>
    <property name="os.name" value="Mac OS X"/>
    <property name="java.vm.specification.version" value="22"/>
    <property name="sun.java.launcher" value="SUN_STANDARD"/>
    <property name="user.country" value="FR"/>
    <property name="sun.boot.library.path" value="/Library/Java/JavaVirtualMachines/jdk-22.jdk/Contents/Home/lib"/>
    <property name="sun.java.command" value="/Users/william.marcq/Projects/camunda-docusign-walkthrough/target/surefire/surefirebooter-20240714120053375_3.jar /Users/william.marcq/Projects/camunda-docusign-walkthrough/target/surefire 2024-07-14T12-00-53_337-jvmRun1 surefire-20240714120053375_1tmp surefire_0-20240714120053375_2tmp"/>
    <property name="http.nonProxyHosts" value="local|*.local|169.254/16|*.169.254/16"/>
    <property name="jdk.debug" value="release"/>
    <property name="surefire.test.class.path" value="/Users/william.marcq/Projects/camunda-docusign-walkthrough/target/test-classes:/Users/william.marcq/Projects/camunda-docusign-walkthrough/target/classes:/Users/william.marcq/.m2/repository/io/camunda/connector/spring-boot-starter-camunda-connectors/8.4.6/spring-boot-starter-camunda-connectors-8.4.6.jar:/Users/william.marcq/.m2/repository/io/camunda/connector/connector-runtime-spring/8.4.6/connector-runtime-spring-8.4.6.jar:/Users/william.marcq/.m2/repository/io/camunda/spring/spring-client-zeebe/8.4.2/spring-client-zeebe-8.4.2.jar:/Users/william.marcq/.m2/repository/io/camunda/spring/spring-client-annotations/8.4.2/spring-client-annotations-8.4.2.jar:/Users/william.marcq/.m2/repository/io/camunda/zeebe-client-java/8.4.3/zeebe-client-java-8.4.3.jar:/Users/william.marcq/.m2/repository/com/fasterxml/jackson/core/jackson-core/2.15.4/jackson-core-2.15.4.jar:/Users/william.marcq/.m2/repository/com/fasterxml/jackson/core/jackson-annotations/2.15.4/jackson-annotations-2.15.4.jar:/Users/william.marcq/.m2/repository/io/camunda/zeebe-gateway-protocol-impl/8.4.3/zeebe-gateway-protocol-impl-8.4.3.jar:/Users/william.marcq/.m2/repository/io/grpc/grpc-protobuf/1.60.1/grpc-protobuf-1.60.1.jar:/Users/william.marcq/.m2/repository/com/google/api/grpc/proto-google-common-protos/2.22.0/proto-google-common-protos-2.22.0.jar:/Users/william.marcq/.m2/repository/io/grpc/grpc-protobuf-lite/1.60.1/grpc-protobuf-lite-1.60.1.jar:/Users/william.marcq/.m2/repository/io/grpc/grpc-stub/1.60.1/grpc-stub-1.60.1.jar:/Users/william.marcq/.m2/repository/com/google/errorprone/error_prone_annotations/2.20.0/error_prone_annotations-2.20.0.jar:/Users/william.marcq/.m2/repository/io/grpc/grpc-core/1.60.1/grpc-core-1.60.1.jar:/Users/william.marcq/.m2/repository/com/google/android/annotations/4.1.1.4/annotations-4.1.1.4.jar:/Users/william.marcq/.m2/repository/org/codehaus/mojo/animal-sniffer-annotations/1.23/animal-sniffer-annotations-1.23.jar:/Users/william.marcq/.m2/repository/io/perfmark/perfmark-api/0.26.0/perfmark-api-0.26.0.jar:/Users/william.marcq/.m2/repository/io/grpc/grpc-context/1.60.1/grpc-context-1.60.1.jar:/Users/william.marcq/.m2/repository/io/grpc/grpc-api/1.60.1/grpc-api-1.60.1.jar:/Users/william.marcq/.m2/repository/com/google/code/findbugs/jsr305/3.0.2/jsr305-3.0.2.jar:/Users/william.marcq/.m2/repository/io/grpc/grpc-netty/1.60.1/grpc-netty-1.60.1.jar:/Users/william.marcq/.m2/repository/io/netty/netty-codec-http2/4.1.107.Final/netty-codec-http2-4.1.107.Final.jar:/Users/william.marcq/.m2/repository/io/netty/netty-codec-http/4.1.107.Final/netty-codec-http-4.1.107.Final.jar:/Users/william.marcq/.m2/repository/io/netty/netty-handler-proxy/4.1.107.Final/netty-handler-proxy-4.1.107.Final.jar:/Users/william.marcq/.m2/repository/io/netty/netty-codec-socks/4.1.107.Final/netty-codec-socks-4.1.107.Final.jar:/Users/william.marcq/.m2/repository/io/netty/netty-transport-native-unix-common/4.1.107.Final/netty-transport-native-unix-common-4.1.107.Final.jar:/Users/william.marcq/.m2/repository/io/grpc/grpc-util/1.60.1/grpc-util-1.60.1.jar:/Users/william.marcq/.m2/repository/com/google/protobuf/protobuf-java/3.25.2/protobuf-java-3.25.2.jar:/Users/william.marcq/.m2/repository/io/netty/netty-tcnative-boringssl-static/2.0.61.Final/netty-tcnative-boringssl-static-2.0.61.Final.jar:/Users/william.marcq/.m2/repository/io/netty/netty-tcnative-classes/2.0.61.Final/netty-tcnative-classes-2.0.61.Final.jar:/Users/william.marcq/.m2/repository/io/netty/netty-tcnative-boringssl-static/2.0.61.Final/netty-tcnative-boringssl-static-2.0.61.Final-linux-x86_64.jar:/Users/william.marcq/.m2/repository/io/netty/netty-tcnative-boringssl-static/2.0.61.Final/netty-tcnative-boringssl-static-2.0.61.Final-linux-aarch_64.jar:/Users/william.marcq/.m2/repository/io/netty/netty-tcnative-boringssl-static/2.0.61.Final/netty-tcnative-boringssl-static-2.0.61.Final-osx-x86_64.jar:/Users/william.marcq/.m2/repository/io/netty/netty-tcnative-boringssl-static/2.0.61.Final/netty-tcnative-boringssl-static-2.0.61.Final-osx-aarch_64.jar:/Users/william.marcq/.m2/repository/io/netty/netty-tcnative-boringssl-static/2.0.61.Final/netty-tcnative-boringssl-static-2.0.61.Final-windows-x86_64.jar:/Users/william.marcq/.m2/repository/io/netty/netty-handler/4.1.107.Final/netty-handler-4.1.107.Final.jar:/Users/william.marcq/.m2/repository/io/netty/netty-resolver/4.1.107.Final/netty-resolver-4.1.107.Final.jar:/Users/william.marcq/.m2/repository/io/netty/netty-buffer/4.1.107.Final/netty-buffer-4.1.107.Final.jar:/Users/william.marcq/.m2/repository/io/netty/netty-transport/4.1.107.Final/netty-transport-4.1.107.Final.jar:/Users/william.marcq/.m2/repository/io/netty/netty-codec/4.1.107.Final/netty-codec-4.1.107.Final.jar:/Users/william.marcq/.m2/repository/io/netty/netty-common/4.1.107.Final/netty-common-4.1.107.Final.jar:/Users/william.marcq/.m2/repository/com/fasterxml/jackson/dataformat/jackson-dataformat-yaml/2.15.4/jackson-dataformat-yaml-2.15.4.jar:/Users/william.marcq/.m2/repository/commons-beanutils/commons-beanutils/1.9.4/commons-beanutils-1.9.4.jar:/Users/william.marcq/.m2/repository/commons-logging/commons-logging/1.2/commons-logging-1.2.jar:/Users/william.marcq/.m2/repository/io/camunda/spring/java-client-operate/8.4.2/java-client-operate-8.4.2.jar:/Users/william.marcq/.m2/repository/io/camunda/spring/java-common/8.4.2/java-common-8.4.2.jar:/Users/william.marcq/.m2/repository/com/google/guava/guava/33.0.0-jre/guava-33.0.0-jre.jar:/Users/william.marcq/.m2/repository/com/google/guava/failureaccess/1.0.2/failureaccess-1.0.2.jar:/Users/william.marcq/.m2/repository/com/google/guava/listenablefuture/9999.0-empty-to-avoid-conflict-with-guava/listenablefuture-9999.0-empty-to-avoid-conflict-with-guava.jar:/Users/william.marcq/.m2/repository/org/checkerframework/checker-qual/3.41.0/checker-qual-3.41.0.jar:/Users/william.marcq/.m2/repository/com/google/j2objc/j2objc-annotations/2.8/j2objc-annotations-2.8.jar:/Users/william.marcq/.m2/repository/io/camunda/zeebe-bpmn-model/8.4.3/zeebe-bpmn-model-8.4.3.jar:/Users/william.marcq/.m2/repository/org/camunda/bpm/model/camunda-xml-model/7.20.0/camunda-xml-model-7.20.0.jar:/Users/william.marcq/.m2/repository/io/camunda/connector/connector-runtime-core/8.4.6/connector-runtime-core-8.4.6.jar:/Users/william.marcq/.m2/repository/com/fasterxml/jackson/core/jackson-databind/2.15.4/jackson-databind-2.15.4.jar:/Users/william.marcq/.m2/repository/com/fasterxml/jackson/datatype/jackson-datatype-jsr310/2.15.4/jackson-datatype-jsr310-2.15.4.jar:/Users/william.marcq/.m2/repository/com/fasterxml/jackson/datatype/jackson-datatype-jdk8/2.15.4/jackson-datatype-jdk8-2.15.4.jar:/Users/william.marcq/.m2/repository/io/camunda/connector/connector-validation/8.4.6/connector-validation-8.4.6.jar:/Users/william.marcq/.m2/repository/io/camunda/connector/connector-core/8.4.6/connector-core-8.4.6.jar:/Users/william.marcq/.m2/repository/org/hibernate/validator/hibernate-validator/8.0.1.Final/hibernate-validator-8.0.1.Final.jar:/Users/william.marcq/.m2/repository/jakarta/validation/jakarta.validation-api/3.0.2/jakarta.validation-api-3.0.2.jar:/Users/william.marcq/.m2/repository/org/jboss/logging/jboss-logging/3.5.3.Final/jboss-logging-3.5.3.Final.jar:/Users/william.marcq/.m2/repository/com/fasterxml/classmate/1.6.0/classmate-1.6.0.jar:/Users/william.marcq/.m2/repository/io/camunda/spring/spring-boot-starter-camunda/8.4.2/spring-boot-starter-camunda-8.4.2.jar:/Users/william.marcq/.m2/repository/org/springframework/boot/spring-boot-starter-json/3.2.4/spring-boot-starter-json-3.2.4.jar:/Users/william.marcq/.m2/repository/com/fasterxml/jackson/module/jackson-module-parameter-names/2.15.4/jackson-module-parameter-names-2.15.4.jar:/Users/william.marcq/.m2/repository/io/github/resilience4j/resilience4j-retry/2.2.0/resilience4j-retry-2.2.0.jar:/Users/william.marcq/.m2/repository/io/github/resilience4j/resilience4j-core/2.2.0/resilience4j-core-2.2.0.jar:/Users/william.marcq/.m2/repository/io/camunda/spring/spring-client-common/8.4.2/spring-client-common-8.4.2.jar:/Users/william.marcq/.m2/repository/io/camunda/identity-spring-boot-starter/8.4.3/identity-spring-boot-starter-8.4.3.jar:/Users/william.marcq/.m2/repository/io/camunda/identity-spring-boot-autoconfigure/8.4.3/identity-spring-boot-autoconfigure-8.4.3.jar:/Users/william.marcq/.m2/repository/io/camunda/identity-sdk/8.4.3/identity-sdk-8.4.3.jar:/Users/william.marcq/.m2/repository/com/auth0/java-jwt/4.4.0/java-jwt-4.4.0.jar:/Users/william.marcq/.m2/repository/com/auth0/auth0/1.45.1/auth0-1.45.1.jar:/Users/william.marcq/.m2/repository/com/squareup/okhttp3/okhttp/4.12.0/okhttp-4.12.0.jar:/Users/william.marcq/.m2/repository/org/jetbrains/kotlin/kotlin-stdlib-jdk8/1.9.23/kotlin-stdlib-jdk8-1.9.23.jar:/Users/william.marcq/.m2/repository/org/jetbrains/kotlin/kotlin-stdlib/1.9.23/kotlin-stdlib-1.9.23.jar:/Users/william.marcq/.m2/repository/org/jetbrains/annotations/13.0/annotations-13.0.jar:/Users/william.marcq/.m2/repository/org/jetbrains/kotlin/kotlin-stdlib-jdk7/1.9.23/kotlin-stdlib-jdk7-1.9.23.jar:/Users/william.marcq/.m2/repository/com/squareup/okio/okio/3.5.0/okio-3.5.0.jar:/Users/william.marcq/.m2/repository/com/squareup/okio/okio-jvm/3.5.0/okio-jvm-3.5.0.jar:/Users/william.marcq/.m2/repository/org/jetbrains/kotlin/kotlin-stdlib-common/1.9.23/kotlin-stdlib-common-1.9.23.jar:/Users/william.marcq/.m2/repository/com/squareup/okhttp3/logging-interceptor/4.12.0/logging-interceptor-4.12.0.jar:/Users/william.marcq/.m2/repository/net/jodah/failsafe/2.4.1/failsafe-2.4.1.jar:/Users/william.marcq/.m2/repository/com/auth0/jwks-rsa/0.22.1/jwks-rsa-0.22.1.jar:/Users/william.marcq/.m2/repository/org/apache/commons/commons-lang3/3.13.0/commons-lang3-3.13.0.jar:/Users/william.marcq/.m2/repository/org/apache/commons/commons-collections4/4.4/commons-collections4-4.4.jar:/Users/william.marcq/.m2/repository/org/ehcache/ehcache/3.10.8/ehcache-3.10.8.jar:/Users/william.marcq/.m2/repository/javax/cache/cache-api/1.1.1/cache-api-1.1.1.jar:/Users/william.marcq/.m2/repository/org/springframework/boot/spring-boot-starter-web/3.2.4/spring-boot-starter-web-3.2.4.jar:/Users/william.marcq/.m2/repository/org/springframework/boot/spring-boot-starter-tomcat/3.2.4/spring-boot-starter-tomcat-3.2.4.jar:/Users/william.marcq/.m2/repository/org/apache/tomcat/embed/tomcat-embed-core/10.1.19/tomcat-embed-core-10.1.19.jar:/Users/william.marcq/.m2/repository/org/apache/tomcat/embed/tomcat-embed-el/10.1.19/tomcat-embed-el-10.1.19.jar:/Users/william.marcq/.m2/repository/org/apache/tomcat/embed/tomcat-embed-websocket/10.1.19/tomcat-embed-websocket-10.1.19.jar:/Users/william.marcq/.m2/repository/org/springframework/spring-web/6.1.5/spring-web-6.1.5.jar:/Users/william.marcq/.m2/repository/org/springframework/spring-beans/6.1.5/spring-beans-6.1.5.jar:/Users/william.marcq/.m2/repository/org/springframework/spring-webmvc/6.1.5/spring-webmvc-6.1.5.jar:/Users/william.marcq/.m2/repository/org/springframework/spring-aop/6.1.5/spring-aop-6.1.5.jar:/Users/william.marcq/.m2/repository/org/springframework/spring-expression/6.1.5/spring-expression-6.1.5.jar:/Users/william.marcq/.m2/repository/org/springframework/boot/spring-boot-starter-actuator/3.2.4/spring-boot-starter-actuator-3.2.4.jar:/Users/william.marcq/.m2/repository/org/springframework/boot/spring-boot-actuator-autoconfigure/3.2.4/spring-boot-actuator-autoconfigure-3.2.4.jar:/Users/william.marcq/.m2/repository/org/springframework/boot/spring-boot-actuator/3.2.4/spring-boot-actuator-3.2.4.jar:/Users/william.marcq/.m2/repository/io/micrometer/micrometer-observation/1.12.4/micrometer-observation-1.12.4.jar:/Users/william.marcq/.m2/repository/io/micrometer/micrometer-commons/1.12.4/micrometer-commons-1.12.4.jar:/Users/william.marcq/.m2/repository/io/micrometer/micrometer-jakarta9/1.12.4/micrometer-jakarta9-1.12.4.jar:/Users/william.marcq/.m2/repository/io/micrometer/micrometer-core/1.12.4/micrometer-core-1.12.4.jar:/Users/william.marcq/.m2/repository/org/hdrhistogram/HdrHistogram/2.1.12/HdrHistogram-2.1.12.jar:/Users/william.marcq/.m2/repository/org/latencyutils/LatencyUtils/2.0.3/LatencyUtils-2.0.3.jar:/Users/william.marcq/.m2/repository/org/springframework/boot/spring-boot-starter/3.2.4/spring-boot-starter-3.2.4.jar:/Users/william.marcq/.m2/repository/org/springframework/boot/spring-boot/3.2.4/spring-boot-3.2.4.jar:/Users/william.marcq/.m2/repository/org/springframework/spring-context/6.1.5/spring-context-6.1.5.jar:/Users/william.marcq/.m2/repository/org/springframework/boot/spring-boot-autoconfigure/3.2.4/spring-boot-autoconfigure-3.2.4.jar:/Users/william.marcq/.m2/repository/org/springframework/boot/spring-boot-starter-logging/3.2.4/spring-boot-starter-logging-3.2.4.jar:/Users/william.marcq/.m2/repository/ch/qos/logback/logback-classic/1.4.14/logback-classic-1.4.14.jar:/Users/william.marcq/.m2/repository/ch/qos/logback/logback-core/1.4.14/logback-core-1.4.14.jar:/Users/william.marcq/.m2/repository/org/apache/logging/log4j/log4j-to-slf4j/2.21.1/log4j-to-slf4j-2.21.1.jar:/Users/william.marcq/.m2/repository/org/apache/logging/log4j/log4j-api/2.21.1/log4j-api-2.21.1.jar:/Users/william.marcq/.m2/repository/org/slf4j/jul-to-slf4j/2.0.12/jul-to-slf4j-2.0.12.jar:/Users/william.marcq/.m2/repository/jakarta/annotation/jakarta.annotation-api/2.1.1/jakarta.annotation-api-2.1.1.jar:/Users/william.marcq/.m2/repository/org/springframework/spring-core/6.1.5/spring-core-6.1.5.jar:/Users/william.marcq/.m2/repository/org/springframework/spring-jcl/6.1.5/spring-jcl-6.1.5.jar:/Users/william.marcq/.m2/repository/org/yaml/snakeyaml/2.2/snakeyaml-2.2.jar:/Users/william.marcq/.m2/repository/org/springframework/boot/spring-boot-starter-test/3.2.4/spring-boot-starter-test-3.2.4.jar:/Users/william.marcq/.m2/repository/org/springframework/boot/spring-boot-test/3.2.4/spring-boot-test-3.2.4.jar:/Users/william.marcq/.m2/repository/org/springframework/boot/spring-boot-test-autoconfigure/3.2.4/spring-boot-test-autoconfigure-3.2.4.jar:/Users/william.marcq/.m2/repository/com/jayway/jsonpath/json-path/2.9.0/json-path-2.9.0.jar:/Users/william.marcq/.m2/repository/jakarta/xml/bind/jakarta.xml.bind-api/4.0.2/jakarta.xml.bind-api-4.0.2.jar:/Users/william.marcq/.m2/repository/jakarta/activation/jakarta.activation-api/2.1.3/jakarta.activation-api-2.1.3.jar:/Users/william.marcq/.m2/repository/net/minidev/json-smart/2.5.0/json-smart-2.5.0.jar:/Users/william.marcq/.m2/repository/net/minidev/accessors-smart/2.5.0/accessors-smart-2.5.0.jar:/Users/william.marcq/.m2/repository/org/ow2/asm/asm/9.3/asm-9.3.jar:/Users/william.marcq/.m2/repository/org/assertj/assertj-core/3.24.2/assertj-core-3.24.2.jar:/Users/william.marcq/.m2/repository/net/bytebuddy/byte-buddy/1.14.12/byte-buddy-1.14.12.jar:/Users/william.marcq/.m2/repository/org/awaitility/awaitility/4.2.0/awaitility-4.2.0.jar:/Users/william.marcq/.m2/repository/org/hamcrest/hamcrest/2.2/hamcrest-2.2.jar:/Users/william.marcq/.m2/repository/org/junit/jupiter/junit-jupiter/5.10.2/junit-jupiter-5.10.2.jar:/Users/william.marcq/.m2/repository/org/junit/jupiter/junit-jupiter-api/5.10.2/junit-jupiter-api-5.10.2.jar:/Users/william.marcq/.m2/repository/org/opentest4j/opentest4j/1.3.0/opentest4j-1.3.0.jar:/Users/william.marcq/.m2/repository/org/junit/platform/junit-platform-commons/1.10.2/junit-platform-commons-1.10.2.jar:/Users/william.marcq/.m2/repository/org/apiguardian/apiguardian-api/1.1.2/apiguardian-api-1.1.2.jar:/Users/william.marcq/.m2/repository/org/junit/jupiter/junit-jupiter-params/5.10.2/junit-jupiter-params-5.10.2.jar:/Users/william.marcq/.m2/repository/org/junit/jupiter/junit-jupiter-engine/5.10.2/junit-jupiter-engine-5.10.2.jar:/Users/william.marcq/.m2/repository/org/junit/platform/junit-platform-engine/1.10.2/junit-platform-engine-1.10.2.jar:/Users/william.marcq/.m2/repository/org/mockito/mockito-core/5.7.0/mockito-core-5.7.0.jar:/Users/william.marcq/.m2/repository/net/bytebuddy/byte-buddy-agent/1.14.12/byte-buddy-agent-1.14.12.jar:/Users/william.marcq/.m2/repository/org/objenesis/objenesis/3.3/objenesis-3.3.jar:/Users/william.marcq/.m2/repository/org/mockito/mockito-junit-jupiter/5.7.0/mockito-junit-jupiter-5.7.0.jar:/Users/william.marcq/.m2/repository/org/skyscreamer/jsonassert/1.5.1/jsonassert-1.5.1.jar:/Users/william.marcq/.m2/repository/com/vaadin/external/google/android-json/0.0.20131108.vaadin1/android-json-0.0.20131108.vaadin1.jar:/Users/william.marcq/.m2/repository/org/springframework/spring-test/6.1.5/spring-test-6.1.5.jar:/Users/william.marcq/.m2/repository/org/xmlunit/xmlunit-core/2.9.1/xmlunit-core-2.9.1.jar:/Users/william.marcq/.m2/repository/com/infosys/camundaconnectors/docusign/connector-docusign/0.1.0-SNAPSHOT/connector-docusign-0.1.0-SNAPSHOT.jar:/Users/william.marcq/.m2/repository/io/camunda/connector/jackson-datatype-feel/8.3.1/jackson-datatype-feel-8.3.1.jar:/Users/william.marcq/.m2/repository/io/camunda/connector/connector-feel-wrapper/8.3.1/connector-feel-wrapper-8.3.1.jar:/Users/william.marcq/.m2/repository/org/camunda/feel/feel-engine/1.17.1/feel-engine-1.17.1.jar:/Users/william.marcq/.m2/repository/org/scala-lang/scala-library/2.13.12/scala-library-2.13.12.jar:/Users/william.marcq/.m2/repository/com/lihaoyi/fastparse_2.13/3.0.2/fastparse_2.13-3.0.2.jar:/Users/william.marcq/.m2/repository/com/lihaoyi/sourcecode_2.13/0.3.0/sourcecode_2.13-0.3.0.jar:/Users/william.marcq/.m2/repository/com/lihaoyi/geny_2.13/1.0.0/geny_2.13-1.0.0.jar:/Users/william.marcq/.m2/repository/com/fasterxml/jackson/module/jackson-module-scala_3/2.15.4/jackson-module-scala_3-2.15.4.jar:/Users/william.marcq/.m2/repository/org/scala-lang/scala3-library_3/3.2.2/scala3-library_3-3.2.2.jar:/Users/william.marcq/.m2/repository/com/thoughtworks/paranamer/paranamer/2.8/paranamer-2.8.jar:/Users/william.marcq/.m2/repository/com/google/code/gson/gson/2.10.1/gson-2.10.1.jar:/Users/william.marcq/.m2/repository/org/apache/httpcomponents/client5/httpclient5/5.2.3/httpclient5-5.2.3.jar:/Users/william.marcq/.m2/repository/org/apache/httpcomponents/core5/httpcore5/5.2.4/httpcore5-5.2.4.jar:/Users/william.marcq/.m2/repository/org/apache/httpcomponents/core5/httpcore5-h2/5.2.4/httpcore5-h2-5.2.4.jar:/Users/william.marcq/.m2/repository/commons-io/commons-io/2.11.0/commons-io-2.11.0.jar:/Users/william.marcq/.m2/repository/org/slf4j/slf4j-api/2.0.12/slf4j-api-2.0.12.jar:/Users/william.marcq/.m2/repository/io/camunda/connector/connector-base64/0.1.0/connector-base64-0.1.0.jar:"/>
    <property name="sun.cpu.endian" value="little"/>
    <property name="user.home" value="/Users/william.marcq"/>
    <property name="user.language" value="en"/>
    <property name="java.specification.vendor" value="Oracle Corporation"/>
    <property name="java.version.date" value="2024-04-16"/>
    <property name="java.home" value="/Library/Java/JavaVirtualMachines/jdk-22.jdk/Contents/Home"/>
    <property name="file.separator" value="/"/>
    <property name="basedir" value="/Users/william.marcq/Projects/camunda-docusign-walkthrough"/>
    <property name="java.vm.compressedOopsMode" value="Zero based"/>
    <property name="line.separator" value="&#10;"/>
    <property name="java.vm.specification.vendor" value="Oracle Corporation"/>
    <property name="java.specification.name" value="Java Platform API Specification"/>
    <property name="FILE_LOG_CHARSET" value="UTF-8"/>
    <property name="java.awt.headless" value="true"/>
    <property name="apple.awt.application.name" value="ForkedBooter"/>
    <property name="surefire.real.class.path" value="/Users/william.marcq/Projects/camunda-docusign-walkthrough/target/surefire/surefirebooter-20240714120053375_3.jar"/>
    <property name="sun.management.compiler" value="HotSpot 64-Bit Tiered Compilers"/>
    <property name="ftp.nonProxyHosts" value="local|*.local|169.254/16|*.169.254/16"/>
    <property name="java.runtime.version" value="22.0.1+8-16"/>
    <property name="user.name" value="william.marcq"/>
    <property name="stdout.encoding" value="UTF-8"/>
    <property name="path.separator" value=":"/>
    <property name="os.version" value="14.5"/>
    <property name="java.runtime.name" value="Java(TM) SE Runtime Environment"/>
    <property name="file.encoding" value="UTF-8"/>
    <property name="java.vm.name" value="Java HotSpot(TM) 64-Bit Server VM"/>
    <property name="localRepository" value="/Users/william.marcq/.m2/repository"/>
    <property name="java.vendor.url.bug" value="https://bugreport.java.com/bugreport/"/>
    <property name="java.io.tmpdir" value="/var/folders/rq/gclsx9b97n36krrj7vk84rq00000gn/T/"/>
    <property name="java.version" value="22.0.1"/>
    <property name="user.dir" value="/Users/william.marcq/Projects/camunda-docusign-walkthrough"/>
    <property name="os.arch" value="aarch64"/>
    <property name="java.vm.specification.name" value="Java Virtual Machine Specification"/>
    <property name="PID" value="74195"/>
    <property name="CONSOLE_LOG_CHARSET" value="UTF-8"/>
    <property name="native.encoding" value="UTF-8"/>
    <property name="java.library.path" value="/Users/william.marcq/Library/Java/Extensions:/Library/Java/Extensions:/Network/Library/Java/Extensions:/System/Library/Java/Extensions:/usr/lib/java:."/>
    <property name="java.vm.info" value="mixed mode, sharing"/>
    <property name="stderr.encoding" value="UTF-8"/>
    <property name="java.vendor" value="Oracle Corporation"/>
    <property name="java.vm.version" value="22.0.1+8-16"/>
    <property name="sun.io.unicode.encoding" value="UnicodeBig"/>
    <property name="socksNonProxyHosts" value="local|*.local|169.254/16|*.169.254/16"/>
    <property name="java.class.version" value="66.0"/>
  </properties>
  <testcase name="contextLoads" classname="com.example.demo.DemoApplicationTests" time="0.46">
    <system-out><![CDATA[Standard Commons Logging discovery in action with spring-jcl: please remove commons-logging.jar from classpath in order to avoid potential conflicts
12:00:53.742 [main] INFO org.springframework.test.context.support.AnnotationConfigContextLoaderUtils -- Could not detect default configuration classes for test class [com.example.demo.DemoApplicationTests]: DemoApplicationTests does not declare any static, non-private, non-final, nested classes annotated with @Configuration.
12:00:53.789 [main] INFO org.springframework.boot.test.context.SpringBootTestContextBootstrapper -- Found @SpringBootConfiguration com.example.demo.DemoApplication for test class com.example.demo.DemoApplicationTests

  .   ____          _            __ _ _
 /\\ / ___'_ __ _ _(_)_ __  __ _ \ \ \ \
( ( )\___ | '_ | '_| | '_ \/ _` | \ \ \ \
 \\/  ___)| |_)| | | | | || (_| |  ) ) ) )
  '  |____| .__|_| |_|_| |_\__, | / / / /
 =========|_|==============|___/=/_/_/_/
&amp#27;[32m :: Spring Boot :: &amp#27;[39m              &amp#27;[2m (v3.2.4)&amp#27;[0;39m

&amp#27;[2m2024-07-14T12:00:54.011+02:00&amp#27;[0;39m &amp#27;[32m INFO&amp#27;[0;39m &amp#27;[35m74195&amp#27;[0;39m &amp#27;[2m---&amp#27;[0;39m &amp#27;[2m[           main]&amp#27;[0;39m &amp#27;[2m&amp#27;[0;39m&amp#27;[36mcom.example.demo.DemoApplicationTests   &amp#27;[0;39m &amp#27;[2m:&amp#27;[0;39m Starting DemoApplicationTests using Java 22.0.1 with PID 74195 (started by william.marcq in /Users/william.marcq/Projects/camunda-docusign-walkthrough)
&amp#27;[2m2024-07-14T12:00:54.011+02:00&amp#27;[0;39m &amp#27;[32m INFO&amp#27;[0;39m &amp#27;[35m74195&amp#27;[0;39m &amp#27;[2m---&amp#27;[0;39m &amp#27;[2m[           main]&amp#27;[0;39m &amp#27;[2m&amp#27;[0;39m&amp#27;[36mcom.example.demo.DemoApplicationTests   &amp#27;[0;39m &amp#27;[2m:&amp#27;[0;39m No active profile set, falling back to 1 default profile: "default"
&amp#27;[2m2024-07-14T12:00:54.480+02:00&amp#27;[0;39m &amp#27;[33m WARN&amp#27;[0;39m &amp#27;[35m74195&amp#27;[0;39m &amp#27;[2m---&amp#27;[0;39m &amp#27;[2m[           main]&amp#27;[0;39m &amp#27;[2m&amp#27;[0;39m&amp#27;[36mtrationDelegate$BeanPostProcessorChecker&amp#27;[0;39m &amp#27;[2m:&amp#27;[0;39m Bean 'io.camunda.zeebe.spring.client.annotation.processor.AnnotationProcessorConfiguration' of type [io.camunda.zeebe.spring.client.annotation.processor.AnnotationProcessorConfiguration] is not eligible for getting processed by all BeanPostProcessors (for example: not eligible for auto-proxying). The currently created BeanPostProcessor [zeebeAnnotationProcessorRegistry] is declared through a non-static factory method on that class; consider declaring it as static instead.
&amp#27;[2m2024-07-14T12:00:54.481+02:00&amp#27;[0;39m &amp#27;[33m WARN&amp#27;[0;39m &amp#27;[35m74195&amp#27;[0;39m &amp#27;[2m---&amp#27;[0;39m &amp#27;[2m[           main]&amp#27;[0;39m &amp#27;[2m&amp#27;[0;39m&amp#27;[36mtrationDelegate$BeanPostProcessorChecker&amp#27;[0;39m &amp#27;[2m:&amp#27;[0;39m Bean 'io.camunda.connector.runtime.outbound.OutboundConnectorRuntimeConfiguration' of type [io.camunda.connector.runtime.outbound.OutboundConnectorRuntimeConfiguration$$SpringCGLIB$$0] is not eligible for getting processed by all BeanPostProcessors (for example: not eligible for auto-proxying). Is this bean getting eagerly injected into a currently created BeanPostProcessor [zeebeAnnotationProcessorRegistry]? Check the corresponding BeanPostProcessor declaration and its dependencies.
&amp#27;[2m2024-07-14T12:00:54.501+02:00&amp#27;[0;39m &amp#27;[33m WARN&amp#27;[0;39m &amp#27;[35m74195&amp#27;[0;39m &amp#27;[2m---&amp#27;[0;39m &amp#27;[2m[           main]&amp#27;[0;39m &amp#27;[2m&amp#27;[0;39m&amp#27;[36mtrationDelegate$BeanPostProcessorChecker&amp#27;[0;39m &amp#27;[2m:&amp#27;[0;39m Bean 'zeebe.client-io.camunda.zeebe.spring.client.properties.ZeebeClientConfigurationProperties' of type [io.camunda.zeebe.spring.client.properties.ZeebeClientConfigurationProperties] is not eligible for getting processed by all BeanPostProcessors (for example: not eligible for auto-proxying). Is this bean getting eagerly injected into a currently created BeanPostProcessor [zeebeAnnotationProcessorRegistry]? Check the corresponding BeanPostProcessor declaration and its dependencies.
&amp#27;[2m2024-07-14T12:00:54.501+02:00&amp#27;[0;39m &amp#27;[33m WARN&amp#27;[0;39m &amp#27;[35m74195&amp#27;[0;39m &amp#27;[2m---&amp#27;[0;39m &amp#27;[2m[           main]&amp#27;[0;39m &amp#27;[2m&amp#27;[0;39m&amp#27;[36mtrationDelegate$BeanPostProcessorChecker&amp#27;[0;39m &amp#27;[2m:&amp#27;[0;39m Bean 'io.camunda.zeebe.spring.client.configuration.ZeebeClientAllAutoConfiguration' of type [io.camunda.zeebe.spring.client.configuration.ZeebeClientAllAutoConfiguration] is not eligible for getting processed by all BeanPostProcessors (for example: not eligible for auto-proxying). Is this bean getting eagerly injected into a currently created BeanPostProcessor [zeebeAnnotationProcessorRegistry]? Check the corresponding BeanPostProcessor declaration and its dependencies.
&amp#27;[2m2024-07-14T12:00:54.502+02:00&amp#27;[0;39m &amp#27;[33m WARN&amp#27;[0;39m &amp#27;[35m74195&amp#27;[0;39m &amp#27;[2m---&amp#27;[0;39m &amp#27;[2m[           main]&amp#27;[0;39m &amp#27;[2m&amp#27;[0;39m&amp#27;[36mtrationDelegate$BeanPostProcessorChecker&amp#27;[0;39m &amp#27;[2m:&amp#27;[0;39m Bean 'io.camunda.zeebe.spring.client.configuration.ExecutorServiceConfiguration' of type [io.camunda.zeebe.spring.client.configuration.ExecutorServiceConfiguration] is not eligible for getting processed by all BeanPostProcessors (for example: not eligible for auto-proxying). Is this bean getting eagerly injected into a currently created BeanPostProcessor [zeebeAnnotationProcessorRegistry]? Check the corresponding BeanPostProcessor declaration and its dependencies.
&amp#27;[2m2024-07-14T12:00:54.502+02:00&amp#27;[0;39m &amp#27;[33m WARN&amp#27;[0;39m &amp#27;[35m74195&amp#27;[0;39m &amp#27;[2m---&amp#27;[0;39m &amp#27;[2m[           main]&amp#27;[0;39m &amp#27;[2m&amp#27;[0;39m&amp#27;[36mtrationDelegate$BeanPostProcessorChecker&amp#27;[0;39m &amp#27;[2m:&amp#27;[0;39m Bean 'org.springframework.boot.actuate.autoconfigure.metrics.export.simple.SimpleMetricsExportAutoConfiguration' of type [org.springframework.boot.actuate.autoconfigure.metrics.export.simple.SimpleMetricsExportAutoConfiguration] is not eligible for getting processed by all BeanPostProcessors (for example: not eligible for auto-proxying). Is this bean getting eagerly injected into a currently created BeanPostProcessor [zeebeAnnotationProcessorRegistry]? Check the corresponding BeanPostProcessor declaration and its dependencies.
&amp#27;[2m2024-07-14T12:00:54.504+02:00&amp#27;[0;39m &amp#27;[33m WARN&amp#27;[0;39m &amp#27;[35m74195&amp#27;[0;39m &amp#27;[2m---&amp#27;[0;39m &amp#27;[2m[           main]&amp#27;[0;39m &amp#27;[2m&amp#27;[0;39m&amp#27;[36mtrationDelegate$BeanPostProcessorChecker&amp#27;[0;39m &amp#27;[2m:&amp#27;[0;39m Bean 'management.simple.metrics.export-org.springframework.boot.actuate.autoconfigure.metrics.export.simple.SimpleProperties' of type [org.springframework.boot.actuate.autoconfigure.metrics.export.simple.SimpleProperties] is not eligible for getting processed by all BeanPostProcessors (for example: not eligible for auto-proxying). Is this bean getting eagerly injected into a currently created BeanPostProcessor [zeebeAnnotationProcessorRegistry]? Check the corresponding BeanPostProcessor declaration and its dependencies.
&amp#27;[2m2024-07-14T12:00:54.506+02:00&amp#27;[0;39m &amp#27;[33m WARN&amp#27;[0;39m &amp#27;[35m74195&amp#27;[0;39m &amp#27;[2m---&amp#27;[0;39m &amp#27;[2m[           main]&amp#27;[0;39m &amp#27;[2m&amp#27;[0;39m&amp#27;[36mtrationDelegate$BeanPostProcessorChecker&amp#27;[0;39m &amp#27;[2m:&amp#27;[0;39m Bean 'simpleConfig' of type [org.springframework.boot.actuate.autoconfigure.metrics.export.simple.SimplePropertiesConfigAdapter] is not eligible for getting processed by all BeanPostProcessors (for example: not eligible for auto-proxying). Is this bean getting eagerly injected into a currently created BeanPostProcessor [zeebeAnnotationProcessorRegistry]? Check the corresponding BeanPostProcessor declaration and its dependencies.
&amp#27;[2m2024-07-14T12:00:54.506+02:00&amp#27;[0;39m &amp#27;[33m WARN&amp#27;[0;39m &amp#27;[35m74195&amp#27;[0;39m &amp#27;[2m---&amp#27;[0;39m &amp#27;[2m[           main]&amp#27;[0;39m &amp#27;[2m&amp#27;[0;39m&amp#27;[36mtrationDelegate$BeanPostProcessorChecker&amp#27;[0;39m &amp#27;[2m:&amp#27;[0;39m Bean 'org.springframework.boot.actuate.autoconfigure.metrics.MetricsAutoConfiguration' of type [org.springframework.boot.actuate.autoconfigure.metrics.MetricsAutoConfiguration] is not eligible for getting processed by all BeanPostProcessors (for example: not eligible for auto-proxying). Is this bean getting eagerly injected into a currently created BeanPostProcessor [zeebeAnnotationProcessorRegistry]? Check the corresponding BeanPostProcessor declaration and its dependencies.
&amp#27;[2m2024-07-14T12:00:54.506+02:00&amp#27;[0;39m &amp#27;[33m WARN&amp#27;[0;39m &amp#27;[35m74195&amp#27;[0;39m &amp#27;[2m---&amp#27;[0;39m &amp#27;[2m[           main]&amp#27;[0;39m &amp#27;[2m&amp#27;[0;39m&amp#27;[36mtrationDelegate$BeanPostProcessorChecker&amp#27;[0;39m &amp#27;[2m:&amp#27;[0;39m Bean 'micrometerClock' of type [io.micrometer.core.instrument.Clock$1] is not eligible for getting processed by all BeanPostProcessors (for example: not eligible for auto-proxying). Is this bean getting eagerly injected into a currently created BeanPostProcessor [zeebeAnnotationProcessorRegistry]? Check the corresponding BeanPostProcessor declaration and its dependencies.
&amp#27;[2m2024-07-14T12:00:54.513+02:00&amp#27;[0;39m &amp#27;[33m WARN&amp#27;[0;39m &amp#27;[35m74195&amp#27;[0;39m &amp#27;[2m---&amp#27;[0;39m &amp#27;[2m[           main]&amp#27;[0;39m &amp#27;[2m&amp#27;[0;39m&amp#27;[36mtrationDelegate$BeanPostProcessorChecker&amp#27;[0;39m &amp#27;[2m:&amp#27;[0;39m Bean 'simpleMeterRegistry' of type [io.micrometer.core.instrument.simple.SimpleMeterRegistry] is not eligible for getting processed by all BeanPostProcessors (for example: not eligible for auto-proxying). Is this bean getting eagerly injected into a currently created BeanPostProcessor [zeebeAnnotationProcessorRegistry]? Check the corresponding BeanPostProcessor declaration and its dependencies.
&amp#27;[2m2024-07-14T12:00:54.516+02:00&amp#27;[0;39m &amp#27;[33m WARN&amp#27;[0;39m &amp#27;[35m74195&amp#27;[0;39m &amp#27;[2m---&amp#27;[0;39m &amp#27;[2m[           main]&amp#27;[0;39m &amp#27;[2m&amp#27;[0;39m&amp#27;[36mtrationDelegate$BeanPostProcessorChecker&amp#27;[0;39m &amp#27;[2m:&amp#27;[0;39m Bean 'zeebeClientThreadPool' of type [io.camunda.zeebe.spring.client.jobhandling.ZeebeClientExecutorService] is not eligible for getting processed by all BeanPostProcessors (for example: not eligible for auto-proxying). Is this bean getting eagerly injected into a currently created BeanPostProcessor [zeebeAnnotationProcessorRegistry]? Check the corresponding BeanPostProcessor declaration and its dependencies.
&amp#27;[2m2024-07-14T12:00:54.518+02:00&amp#27;[0;39m &amp#27;[33m WARN&amp#27;[0;39m &amp#27;[35m74195&amp#27;[0;39m &amp#27;[2m---&amp#27;[0;39m &amp#27;[2m[           main]&amp#27;[0;39m &amp#27;[2m&amp#27;[0;39m&amp#27;[36mtrationDelegate$BeanPostProcessorChecker&amp#27;[0;39m &amp#27;[2m:&amp#27;[0;39m Bean 'commandExceptionHandlingStrategy' of type [io.camunda.zeebe.spring.client.jobhandling.DefaultCommandExceptionHandlingStrategy] is not eligible for getting processed by all BeanPostProcessors (for example: not eligible for auto-proxying). Is this bean getting eagerly injected into a currently created BeanPostProcessor [zeebeAnnotationProcessorRegistry]? Check the corresponding BeanPostProcessor declaration and its dependencies.
&amp#27;[2m2024-07-14T12:00:54.519+02:00&amp#27;[0;39m &amp#27;[33m WARN&amp#27;[0;39m &amp#27;[35m74195&amp#27;[0;39m &amp#27;[2m---&amp#27;[0;39m &amp#27;[2m[           main]&amp#27;[0;39m &amp#27;[2m&amp#27;[0;39m&amp#27;[36mtrationDelegate$BeanPostProcessorChecker&amp#27;[0;39m &amp#27;[2m:&amp#27;[0;39m Bean 'io.camunda.zeebe.spring.client.CamundaAutoConfiguration' of type [io.camunda.zeebe.spring.client.CamundaAutoConfiguration$$SpringCGLIB$$0] is not eligible for getting processed by all BeanPostProcessors (for example: not eligible for auto-proxying). Is this bean getting eagerly injected into a currently created BeanPostProcessor [zeebeAnnotationProcessorRegistry]? Check the corresponding BeanPostProcessor declaration and its dependencies.
&amp#27;[2m2024-07-14T12:00:54.520+02:00&amp#27;[0;39m &amp#27;[33m WARN&amp#27;[0;39m &amp#27;[35m74195&amp#27;[0;39m &amp#27;[2m---&amp#27;[0;39m &amp#27;[2m[           main]&amp#27;[0;39m &amp#27;[2m&amp#27;[0;39m&amp#27;[36mtrationDelegate$BeanPostProcessorChecker&amp#27;[0;39m &amp#27;[2m:&amp#27;[0;39m Bean 'io.camunda.connector.runtime.OutboundConnectorsAutoConfiguration' of type [io.camunda.connector.runtime.OutboundConnectorsAutoConfiguration] is not eligible for getting processed by all BeanPostProcessors (for example: not eligible for auto-proxying). Is this bean getting eagerly injected into a currently created BeanPostProcessor [zeebeAnnotationProcessorRegistry]? Check the corresponding BeanPostProcessor declaration and its dependencies.
&amp#27;[2m2024-07-14T12:00:54.604+02:00&amp#27;[0;39m &amp#27;[32m INFO&amp#27;[0;39m &amp#27;[35m74195&amp#27;[0;39m &amp#27;[2m---&amp#27;[0;39m &amp#27;[2m[           main]&amp#27;[0;39m &amp#27;[2m&amp#27;[0;39m&amp#27;[36morg.camunda.feel.FeelEngine             &amp#27;[0;39m &amp#27;[2m:&amp#27;[0;39m Engine created. [value-mapper: CompositeValueMapper(List(org.camunda.feel.impl.JavaValueMapper@787e4357)), function-provider: io.camunda.connector.feel.FeelConnectorFunctionProvider@10a18e3e, clock: SystemClock, configuration: {externalFunctionsEnabled: false}]
&amp#27;[2m2024-07-14T12:00:54.755+02:00&amp#27;[0;39m &amp#27;[32m INFO&amp#27;[0;39m &amp#27;[35m74195&amp#27;[0;39m &amp#27;[2m---&amp#27;[0;39m &amp#27;[2m[           main]&amp#27;[0;39m &amp#27;[2m&amp#27;[0;39m&amp#27;[36morg.camunda.feel.FeelEngine             &amp#27;[0;39m &amp#27;[2m:&amp#27;[0;39m Engine created. [value-mapper: CompositeValueMapper(List(org.camunda.feel.impl.JavaValueMapper@36ad229b)), function-provider: io.camunda.connector.feel.FeelConnectorFunctionProvider@55846997, clock: SystemClock, configuration: {externalFunctionsEnabled: false}]
&amp#27;[2m2024-07-14T12:00:54.762+02:00&amp#27;[0;39m &amp#27;[33m WARN&amp#27;[0;39m &amp#27;[35m74195&amp#27;[0;39m &amp#27;[2m---&amp#27;[0;39m &amp#27;[2m[           main]&amp#27;[0;39m &amp#27;[2m&amp#27;[0;39m&amp#27;[36mtrationDelegate$BeanPostProcessorChecker&amp#27;[0;39m &amp#27;[2m:&amp#27;[0;39m Bean 'objectMapper' of type [com.fasterxml.jackson.databind.json.JsonMapper] is not eligible for getting processed by all BeanPostProcessors (for example: not eligible for auto-proxying). Is this bean getting eagerly injected into a currently created BeanPostProcessor [zeebeAnnotationProcessorRegistry]? Check the corresponding BeanPostProcessor declaration and its dependencies.
&amp#27;[2m2024-07-14T12:00:54.763+02:00&amp#27;[0;39m &amp#27;[33m WARN&amp#27;[0;39m &amp#27;[35m74195&amp#27;[0;39m &amp#27;[2m---&amp#27;[0;39m &amp#27;[2m[           main]&amp#27;[0;39m &amp#27;[2m&amp#27;[0;39m&amp#27;[36mtrationDelegate$BeanPostProcessorChecker&amp#27;[0;39m &amp#27;[2m:&amp#27;[0;39m Bean 'zeebeJsonMapper' of type [io.camunda.zeebe.client.impl.ZeebeObjectMapper] is not eligible for getting processed by all BeanPostProcessors (for example: not eligible for auto-proxying). Is this bean getting eagerly injected into a currently created BeanPostProcessor [zeebeAnnotationProcessorRegistry]? Check the corresponding BeanPostProcessor declaration and its dependencies.
&amp#27;[2m2024-07-14T12:00:54.764+02:00&amp#27;[0;39m &amp#27;[33m WARN&amp#27;[0;39m &amp#27;[35m74195&amp#27;[0;39m &amp#27;[2m---&amp#27;[0;39m &amp#27;[2m[           main]&amp#27;[0;39m &amp#27;[2m&amp#27;[0;39m&amp#27;[36mtrationDelegate$BeanPostProcessorChecker&amp#27;[0;39m &amp#27;[2m:&amp#27;[0;39m Bean 'io.camunda.zeebe.spring.client.configuration.ZeebeActuatorConfiguration' of type [io.camunda.zeebe.spring.client.configuration.ZeebeActuatorConfiguration] is not eligible for getting processed by all BeanPostProcessors (for example: not eligible for auto-proxying). Is this bean getting eagerly injected into a currently created BeanPostProcessor [zeebeAnnotationProcessorRegistry]? Check the corresponding BeanPostProcessor declaration and its dependencies.
&amp#27;[2m2024-07-14T12:00:54.774+02:00&amp#27;[0;39m &amp#27;[32m INFO&amp#27;[0;39m &amp#27;[35m74195&amp#27;[0;39m &amp#27;[2m---&amp#27;[0;39m &amp#27;[2m[           main]&amp#27;[0;39m &amp#27;[2m&amp#27;[0;39m&amp#27;[36mi.c.z.s.c.a.MicrometerMetricsRecorder   &amp#27;[0;39m &amp#27;[2m:&amp#27;[0;39m Enabling Micrometer based metrics for spring-zeebe (available via Actuator)
&amp#27;[2m2024-07-14T12:00:54.774+02:00&amp#27;[0;39m &amp#27;[33m WARN&amp#27;[0;39m &amp#27;[35m74195&amp#27;[0;39m &amp#27;[2m---&amp#27;[0;39m &amp#27;[2m[           main]&amp#27;[0;39m &amp#27;[2m&amp#27;[0;39m&amp#27;[36mtrationDelegate$BeanPostProcessorChecker&amp#27;[0;39m &amp#27;[2m:&amp#27;[0;39m Bean 'micrometerMetricsRecorder' of type [io.camunda.zeebe.spring.client.actuator.MicrometerMetricsRecorder] is not eligible for getting processed by all BeanPostProcessors (for example: not eligible for auto-proxying). Is this bean getting eagerly injected into a currently created BeanPostProcessor [zeebeAnnotationProcessorRegistry]? Check the corresponding BeanPostProcessor declaration and its dependencies.
&amp#27;[2m2024-07-14T12:00:54.775+02:00&amp#27;[0;39m &amp#27;[33m WARN&amp#27;[0;39m &amp#27;[35m74195&amp#27;[0;39m &amp#27;[2m---&amp#27;[0;39m &amp#27;[2m[           main]&amp#27;[0;39m &amp#27;[2m&amp#27;[0;39m&amp#27;[36mtrationDelegate$BeanPostProcessorChecker&amp#27;[0;39m &amp#27;[2m:&amp#27;[0;39m Bean 'jobWorkerManager' of type [io.camunda.zeebe.spring.client.jobhandling.JobWorkerManager] is not eligible for getting processed by all BeanPostProcessors (for example: not eligible for auto-proxying). Is this bean getting eagerly injected into a currently created BeanPostProcessor [zeebeAnnotationProcessorRegistry]? Check the corresponding BeanPostProcessor declaration and its dependencies.
&amp#27;[2m2024-07-14T12:00:54.780+02:00&amp#27;[0;39m &amp#27;[33m WARN&amp#27;[0;39m &amp#27;[35m74195&amp#27;[0;39m &amp#27;[2m---&amp#27;[0;39m &amp#27;[2m[           main]&amp#27;[0;39m &amp#27;[2m&amp#27;[0;39m&amp#27;[36mtrationDelegate$BeanPostProcessorChecker&amp#27;[0;39m &amp#27;[2m:&amp#27;[0;39m Bean 'outboundConnectorFactory' of type [io.camunda.connector.runtime.core.outbound.DefaultOutboundConnectorFactory] is not eligible for getting processed by all BeanPostProcessors (for example: not eligible for auto-proxying). Is this bean getting eagerly injected into a currently created BeanPostProcessor [zeebeAnnotationProcessorRegistry]? Check the corresponding BeanPostProcessor declaration and its dependencies.
&amp#27;[2m2024-07-14T12:00:54.781+02:00&amp#27;[0;39m &amp#27;[32m INFO&amp#27;[0;39m &amp#27;[35m74195&amp#27;[0;39m &amp#27;[2m---&amp#27;[0;39m &amp#27;[2m[           main]&amp#27;[0;39m &amp#27;[2m&amp#27;[0;39m&amp#27;[36m.c.c.r.e.SpringEnvironmentSecretProvider&amp#27;[0;39m &amp#27;[2m:&amp#27;[0;39m No prefix has been configured, all environment variables are available as connector secrets
&amp#27;[2m2024-07-14T12:00:54.781+02:00&amp#27;[0;39m &amp#27;[33m WARN&amp#27;[0;39m &amp#27;[35m74195&amp#27;[0;39m &amp#27;[2m---&amp#27;[0;39m &amp#27;[2m[           main]&amp#27;[0;39m &amp#27;[2m&amp#27;[0;39m&amp#27;[36mtrationDelegate$BeanPostProcessorChecker&amp#27;[0;39m &amp#27;[2m:&amp#27;[0;39m Bean 'defaultSecretProvider' of type [io.camunda.connector.runtime.env.SpringEnvironmentSecretProvider] is not eligible for getting processed by all BeanPostProcessors (for example: not eligible for auto-proxying). Is this bean getting eagerly injected into a currently created BeanPostProcessor [zeebeAnnotationProcessorRegistry]? Check the corresponding BeanPostProcessor declaration and its dependencies.
&amp#27;[2m2024-07-14T12:00:54.782+02:00&amp#27;[0;39m &amp#27;[33m WARN&amp#27;[0;39m &amp#27;[35m74195&amp#27;[0;39m &amp#27;[2m---&amp#27;[0;39m &amp#27;[2m[           main]&amp#27;[0;39m &amp#27;[2m&amp#27;[0;39m&amp#27;[36mtrationDelegate$BeanPostProcessorChecker&amp#27;[0;39m &amp#27;[2m:&amp#27;[0;39m Bean 'springSecretProviderAggregator' of type [io.camunda.connector.runtime.core.secret.SecretProviderAggregator] is not eligible for getting processed by all BeanPostProcessors (for example: not eligible for auto-proxying). Is this bean getting eagerly injected into a currently created BeanPostProcessor [zeebeAnnotationProcessorRegistry]? Check the corresponding BeanPostProcessor declaration and its dependencies.
&amp#27;[2m2024-07-14T12:00:54.784+02:00&amp#27;[0;39m &amp#27;[33m WARN&amp#27;[0;39m &amp#27;[35m74195&amp#27;[0;39m &amp#27;[2m---&amp#27;[0;39m &amp#27;[2m[           main]&amp#27;[0;39m &amp#27;[2m&amp#27;[0;39m&amp#27;[36mtrationDelegate$BeanPostProcessorChecker&amp#27;[0;39m &amp#27;[2m:&amp#27;[0;39m Bean 'outboundConnectorManager' of type [io.camunda.connector.runtime.outbound.lifecycle.OutboundConnectorManager] is not eligible for getting processed by all BeanPostProcessors (for example: not eligible for auto-proxying). Is this bean getting eagerly injected into a currently created BeanPostProcessor [zeebeAnnotationProcessorRegistry]? Check the corresponding BeanPostProcessor declaration and its dependencies.
&amp#27;[2m2024-07-14T12:00:54.784+02:00&amp#27;[0;39m &amp#27;[33m WARN&amp#27;[0;39m &amp#27;[35m74195&amp#27;[0;39m &amp#27;[2m---&amp#27;[0;39m &amp#27;[2m[           main]&amp#27;[0;39m &amp#27;[2m&amp#27;[0;39m&amp#27;[36mtrationDelegate$BeanPostProcessorChecker&amp#27;[0;39m &amp#27;[2m:&amp#27;[0;39m Bean 'annotationProcessor' of type [io.camunda.connector.runtime.outbound.lifecycle.OutboundConnectorAnnotationProcessor] is not eligible for getting processed by all BeanPostProcessors (for example: not eligible for auto-proxying). Is this bean getting eagerly injected into a currently created BeanPostProcessor [zeebeAnnotationProcessorRegistry]? Check the corresponding BeanPostProcessor declaration and its dependencies.
&amp#27;[2m2024-07-14T12:00:54.785+02:00&amp#27;[0;39m &amp#27;[33m WARN&amp#27;[0;39m &amp#27;[35m74195&amp#27;[0;39m &amp#27;[2m---&amp#27;[0;39m &amp#27;[2m[           main]&amp#27;[0;39m &amp#27;[2m&amp#27;[0;39m&amp#27;[36mtrationDelegate$BeanPostProcessorChecker&amp#27;[0;39m &amp#27;[2m:&amp#27;[0;39m Bean 'deploymentPostProcessor' of type [io.camunda.zeebe.spring.client.annotation.processor.ZeebeDeploymentAnnotationProcessor] is not eligible for getting processed by all BeanPostProcessors (for example: not eligible for auto-proxying). Is this bean getting eagerly injected into a currently created BeanPostProcessor [zeebeAnnotationProcessorRegistry]? Check the corresponding BeanPostProcessor declaration and its dependencies.
&amp#27;[2m2024-07-14T12:00:54.786+02:00&amp#27;[0;39m &amp#27;[33m WARN&amp#27;[0;39m &amp#27;[35m74195&amp#27;[0;39m &amp#27;[2m---&amp#27;[0;39m &amp#27;[2m[           main]&amp#27;[0;39m &amp#27;[2m&amp#27;[0;39m&amp#27;[36mtrationDelegate$BeanPostProcessorChecker&amp#27;[0;39m &amp#27;[2m:&amp#27;[0;39m Bean 'propertyBasedZeebeWorkerValueCustomizer' of type [io.camunda.zeebe.spring.client.properties.PropertyBasedZeebeWorkerValueCustomizer] is not eligible for getting processed by all BeanPostProcessors (for example: not eligible for auto-proxying). Is this bean getting eagerly injected into a currently created BeanPostProcessor [zeebeAnnotationProcessorRegistry]? Check the corresponding BeanPostProcessor declaration and its dependencies.
&amp#27;[2m2024-07-14T12:00:54.787+02:00&amp#27;[0;39m &amp#27;[33m WARN&amp#27;[0;39m &amp#27;[35m74195&amp#27;[0;39m &amp#27;[2m---&amp#27;[0;39m &amp#27;[2m[           main]&amp#27;[0;39m &amp#27;[2m&amp#27;[0;39m&amp#27;[36mtrationDelegate$BeanPostProcessorChecker&amp#27;[0;39m &amp#27;[2m:&amp#27;[0;39m Bean 'zeebeWorkerPostProcessor' of type [io.camunda.zeebe.spring.client.annotation.processor.ZeebeWorkerAnnotationProcessor] is not eligible for getting processed by all BeanPostProcessors (for example: not eligible for auto-proxying). Is this bean getting eagerly injected into a currently created BeanPostProcessor [zeebeAnnotationProcessorRegistry]? Check the corresponding BeanPostProcessor declaration and its dependencies.
&amp#27;[2m2024-07-14T12:00:54.787+02:00&amp#27;[0;39m &amp#27;[33m WARN&amp#27;[0;39m &amp#27;[35m74195&amp#27;[0;39m &amp#27;[2m---&amp#27;[0;39m &amp#27;[2m[           main]&amp#27;[0;39m &amp#27;[2m&amp#27;[0;39m&amp#27;[36mtrationDelegate$BeanPostProcessorChecker&amp#27;[0;39m &amp#27;[2m:&amp#27;[0;39m Bean 'io.camunda.connector.runtime.inbound.InboundConnectorRuntimeConfiguration' of type [io.camunda.connector.runtime.inbound.InboundConnectorRuntimeConfiguration$$SpringCGLIB$$0] is not eligible for getting processed by all BeanPostProcessors (for example: not eligible for auto-proxying). Is this bean getting eagerly injected into a currently created BeanPostProcessor [zeebeAnnotationProcessorRegistry]? Check the corresponding BeanPostProcessor declaration and its dependencies.
&amp#27;[2m2024-07-14T12:00:54.788+02:00&amp#27;[0;39m &amp#27;[33m WARN&amp#27;[0;39m &amp#27;[35m74195&amp#27;[0;39m &amp#27;[2m---&amp#27;[0;39m &amp#27;[2m[           main]&amp#27;[0;39m &amp#27;[2m&amp#27;[0;39m&amp#27;[36mtrationDelegate$BeanPostProcessorChecker&amp#27;[0;39m &amp#27;[2m:&amp#27;[0;39m Bean 'io.camunda.connector.runtime.inbound.lifecycle.InboundConnectorLifecycleConfiguration' of type [io.camunda.connector.runtime.inbound.lifecycle.InboundConnectorLifecycleConfiguration$$SpringCGLIB$$0] is not eligible for getting processed by all BeanPostProcessors (for example: not eligible for auto-proxying). Is this bean getting eagerly injected into a currently created BeanPostProcessor [zeebeAnnotationProcessorRegistry]? Check the corresponding BeanPostProcessor declaration and its dependencies.
&amp#27;[2m2024-07-14T12:00:54.789+02:00&amp#27;[0;39m &amp#27;[33m WARN&amp#27;[0;39m &amp#27;[35m74195&amp#27;[0;39m &amp#27;[2m---&amp#27;[0;39m &amp#27;[2m[           main]&amp#27;[0;39m &amp#27;[2m&amp#27;[0;39m&amp#27;[36mc.c.r.c.i.DefaultInboundConnectorFactory&amp#27;[0;39m &amp#27;[2m:&amp#27;[0;39m No inbound connectors discovered
&amp#27;[2m2024-07-14T12:00:54.789+02:00&amp#27;[0;39m &amp#27;[33m WARN&amp#27;[0;39m &amp#27;[35m74195&amp#27;[0;39m &amp#27;[2m---&amp#27;[0;39m &amp#27;[2m[           main]&amp#27;[0;39m &amp#27;[2m&amp#27;[0;39m&amp#27;[36mtrationDelegate$BeanPostProcessorChecker&amp#27;[0;39m &amp#27;[2m:&amp#27;[0;39m Bean 'springInboundConnectorFactory' of type [io.camunda.connector.runtime.core.inbound.DefaultInboundConnectorFactory] is not eligible for getting processed by all BeanPostProcessors (for example: not eligible for auto-proxying). Is this bean getting eagerly injected into a currently created BeanPostProcessor [zeebeAnnotationProcessorRegistry]? Check the corresponding BeanPostProcessor declaration and its dependencies.
&amp#27;[2m2024-07-14T12:00:54.789+02:00&amp#27;[0;39m &amp#27;[33m WARN&amp#27;[0;39m &amp#27;[35m74195&amp#27;[0;39m &amp#27;[2m---&amp#27;[0;39m &amp#27;[2m[           main]&amp#27;[0;39m &amp#27;[2m&amp#27;[0;39m&amp#27;[36mtrationDelegate$BeanPostProcessorChecker&amp#27;[0;39m &amp#27;[2m:&amp#27;[0;39m Bean 'inboundConnectorAnnotationProcessor' of type [io.camunda.connector.runtime.inbound.lifecycle.InboundConnectorAnnotationProcessor] is not eligible for getting processed by all BeanPostProcessors (for example: not eligible for auto-proxying). Is this bean getting eagerly injected into a currently created BeanPostProcessor [zeebeAnnotationProcessorRegistry]? Check the corresponding BeanPostProcessor declaration and its dependencies.
&amp#27;[2m2024-07-14T12:00:54.999+02:00&amp#27;[0;39m &amp#27;[32m INFO&amp#27;[0;39m &amp#27;[35m74195&amp#27;[0;39m &amp#27;[2m---&amp#27;[0;39m &amp#27;[2m[           main]&amp#27;[0;39m &amp#27;[2m&amp#27;[0;39m&amp#27;[36mz.s.c.c.ZeebeClientProdAutoConfiguration&amp#27;[0;39m &amp#27;[2m:&amp#27;[0;39m Creating ZeebeClient using ZeebeClientConfiguration [io.camunda.zeebe.spring.client.configuration.ZeebeClientConfiguration@7e77678c]
&amp#27;[2m2024-07-14T12:00:55.420+02:00&amp#27;[0;39m &amp#27;[32m INFO&amp#27;[0;39m &amp#27;[35m74195&amp#27;[0;39m &amp#27;[2m---&amp#27;[0;39m &amp#27;[2m[           main]&amp#27;[0;39m &amp#27;[2m&amp#27;[0;39m&amp#27;[36morg.camunda.feel.FeelEngine             &amp#27;[0;39m &amp#27;[2m:&amp#27;[0;39m Engine created. [value-mapper: CompositeValueMapper(List(org.camunda.feel.impl.JavaValueMapper@3a8b9458)), function-provider: io.camunda.connector.feel.FeelConnectorFunctionProvider@7497a554, clock: SystemClock, configuration: {externalFunctionsEnabled: false}]
&amp#27;[2m2024-07-14T12:00:55.556+02:00&amp#27;[0;39m &amp#27;[32m INFO&amp#27;[0;39m &amp#27;[35m74195&amp#27;[0;39m &amp#27;[2m---&amp#27;[0;39m &amp#27;[2m[           main]&amp#27;[0;39m &amp#27;[2m&amp#27;[0;39m&amp#27;[36morg.ehcache.core.EhcacheManager         &amp#27;[0;39m &amp#27;[2m:&amp#27;[0;39m Cache 'tokenCache' created in EhcacheManager.
&amp#27;[2m2024-07-14T12:00:55.654+02:00&amp#27;[0;39m &amp#27;[32m INFO&amp#27;[0;39m &amp#27;[35m74195&amp#27;[0;39m &amp#27;[2m---&amp#27;[0;39m &amp#27;[2m[           main]&amp#27;[0;39m &amp#27;[2m&amp#27;[0;39m&amp#27;[36mo.s.b.a.e.web.EndpointLinksResolver     &amp#27;[0;39m &amp#27;[2m:&amp#27;[0;39m Exposing 1 endpoint(s) beneath base path '/actuator'
&amp#27;[2m2024-07-14T12:00:55.686+02:00&amp#27;[0;39m &amp#27;[32m INFO&amp#27;[0;39m &amp#27;[35m74195&amp#27;[0;39m &amp#27;[2m---&amp#27;[0;39m &amp#27;[2m[           main]&amp#27;[0;39m &amp#27;[2m&amp#27;[0;39m&amp#27;[36morg.camunda.feel.FeelEngine             &amp#27;[0;39m &amp#27;[2m:&amp#27;[0;39m Engine created. [value-mapper: CompositeValueMapper(List(org.camunda.feel.impl.JavaValueMapper@3340ff7c)), function-provider: io.camunda.connector.feel.FeelConnectorFunctionProvider@42e4431, clock: SystemClock, configuration: {externalFunctionsEnabled: false}]
&amp#27;[2m2024-07-14T12:00:55.690+02:00&amp#27;[0;39m &amp#27;[32m INFO&amp#27;[0;39m &amp#27;[35m74195&amp#27;[0;39m &amp#27;[2m---&amp#27;[0;39m &amp#27;[2m[           main]&amp#27;[0;39m &amp#27;[2m&amp#27;[0;39m&amp#27;[36mi.c.z.s.c.jobhandling.JobWorkerManager  &amp#27;[0;39m &amp#27;[2m:&amp#27;[0;39m . Starting Zeebe worker: ZeebeWorkerValue{type='com.infosys.camundaconnectors.docusign:docusign:1', name='DocuSign', timeout=null, maxJobsActive=null, requestTimeout=null, pollInterval=null, autoComplete=true, fetchVariables=[authentication, operation, data], enabled=null, methodInfo=null}
&amp#27;[2m2024-07-14T12:00:55.690+02:00&amp#27;[0;39m &amp#27;[32m INFO&amp#27;[0;39m &amp#27;[35m74195&amp#27;[0;39m &amp#27;[2m---&amp#27;[0;39m &amp#27;[2m[           main]&amp#27;[0;39m &amp#27;[2m&amp#27;[0;39m&amp#27;[36mi.c.z.s.c.jobhandling.JobWorkerManager  &amp#27;[0;39m &amp#27;[2m:&amp#27;[0;39m . Starting Zeebe worker: ZeebeWorkerValue{type='io.camunda:template:1', name='MYCONNECTOR', timeout=null, maxJobsActive=null, requestTimeout=null, pollInterval=null, autoComplete=true, fetchVariables=[filePath], enabled=null, methodInfo=null}
&amp#27;[2m2024-07-14T12:00:55.705+02:00&amp#27;[0;39m &amp#27;[32m INFO&amp#27;[0;39m &amp#27;[35m74195&amp#27;[0;39m &amp#27;[2m---&amp#27;[0;39m &amp#27;[2m[           main]&amp#27;[0;39m &amp#27;[2m&amp#27;[0;39m&amp#27;[36mcom.example.demo.DemoApplicationTests   &amp#27;[0;39m &amp#27;[2m:&amp#27;[0;39m Started DemoApplicationTests in 1.855 seconds (process running for 2.277)
&amp#27;[2m2024-07-14T12:00:56.017+02:00&amp#27;[0;39m &amp#27;[32m INFO&amp#27;[0;39m &amp#27;[35m74195&amp#27;[0;39m &amp#27;[2m---&amp#27;[0;39m &amp#27;[2m[pool-3-thread-1]&amp#27;[0;39m &amp#27;[2m&amp#27;[0;39m&amp#27;[36mi.c.c.r.c.outbound.ConnectorJobHandler  &amp#27;[0;39m &amp#27;[2m:&amp#27;[0;39m Received job: 2251799815420677 for tenant: <default>
&amp#27;[2m2024-07-14T12:00:56.041+02:00&amp#27;[0;39m &amp#27;[32m INFO&amp#27;[0;39m &amp#27;[35m74195&amp#27;[0;39m &amp#27;[2m---&amp#27;[0;39m &amp#27;[2m[pool-3-thread-1]&amp#27;[0;39m &amp#27;[2m&amp#27;[0;39m&amp#27;[36mio.camunda.example.MyConnectorFunction  &amp#27;[0;39m &amp#27;[2m:&amp#27;[0;39m File content encoded to Base64
&amp#27;[2m2024-07-14T12:00:56.044+02:00&amp#27;[0;39m &amp#27;[32m INFO&amp#27;[0;39m &amp#27;[35m74195&amp#27;[0;39m &amp#27;[2m---&amp#27;[0;39m &amp#27;[2m[pool-3-thread-1]&amp#27;[0;39m &amp#27;[2m&amp#27;[0;39m&amp#27;[36mio.camunda.example.MyConnectorFunction  &amp#27;[0;39m &amp#27;[2m:&amp#27;[0;39m File content encoded to Base64JVBERi0xLjMKJcTl8uXrp/Og0MTGCjMgMCBvYmoKPDwgL0ZpbHRlciAvRmxhdGVEZWNvZGUgL0xlbmd0aCAzODEgPj4Kc3RyZWFtCngBrZRNS8NAEIbv+RWvWkt66HZ2s1+5KoJ4srjgwXqQkKqlLbT9/+Bs0tQUK6YScpidzfLsfOy8G0yxAfFncguvFbYlnrHG5HYnUeyqX4RdEU8JpWu/XlhNgjyKFW4CTGQwhZARQec6CStMQlCQCHO8IL0YYUxCIr2sFgrpVbMzuK5WGdLBYe+wNRwlJAzS4Ygj6GZfER5wFzi3mF0rleS8VKzRwmc6poOjdDj0JCzqK84rTJb1RMqc6oskuUXtZv07O8Xt74ckfd4XSfmeSNb9ACEskuqdnfUI7CkOP6akmsXuUzY25neS5MEjkeeWnNdxgB1Pj4VVUlisYJQWVu/d5cElLzSWzdnoJUt8YM4oksZ6y9UkkUlntYt8NmS87yAQLC1RINhEgRhLJfcKkdUKkc5mIy5np5liHSHS3Nci8hqsMqewj8vybVfi6fN9jftyW3a+5JvsTpPbAdfq97dMtqA8KyeqgM7xHSvuWLr8WHKjvDb1nH4BPKg05gplbmRzdHJlYW0KZW5kb2JqCjEgMCBvYmoKPDwgL1R5cGUgL1BhZ2UgL1BhcmVudCAyIDAgUiAvUmVzb3VyY2VzIDQgMCBSIC9Db250ZW50cyAzIDAgUiAvTWVkaWFCb3ggWzAgMCA1OTUuMiA4NDEuOTJdCj4+CmVuZG9iago0IDAgb2JqCjw8IC9Qcm9jU2V0IFsgL1BERiAvVGV4dCBdIC9Db2xvclNwYWNlIDw8IC9DczEgNSAwIFIgPj4gL0ZvbnQgPDwgL1RUMiA3IDAgUgovVFQzIDggMCBSID4+ID4+CmVuZG9iago5IDAgb2JqCjw8IC9OIDMgL0FsdGVybmF0ZSAvRGV2aWNlUkdCIC9MZW5ndGggMjYxMiAvRmlsdGVyIC9GbGF0ZURlY29kZSA+PgpzdHJlYW0KeAGdlndUU9kWh8+9N73QEiIgJfQaegkg0jtIFQRRiUmAUAKGhCZ2RAVGFBEpVmRUwAFHhyJjRRQLg4Ji1wnyEFDGwVFEReXdjGsJ7601896a/cdZ39nnt9fZZ+9917oAUPyCBMJ0WAGANKFYFO7rwVwSE8vE9wIYEAEOWAHA4WZmBEf4RALU/L09mZmoSMaz9u4ugGS72yy/UCZz1v9/kSI3QyQGAApF1TY8fiYX5QKUU7PFGTL/BMr0lSkyhjEyFqEJoqwi48SvbPan5iu7yZiXJuShGlnOGbw0noy7UN6aJeGjjAShXJgl4GejfAdlvVRJmgDl9yjT0/icTAAwFJlfzOcmoWyJMkUUGe6J8gIACJTEObxyDov5OWieAHimZ+SKBIlJYqYR15hp5ejIZvrxs1P5YjErlMNN4Yh4TM/0tAyOMBeAr2+WRQElWW2ZaJHtrRzt7VnW5mj5v9nfHn5T/T3IevtV8Sbsz55BjJ5Z32zsrC+9FgD2JFqbHbO+lVUAtG0GQOXhrE/vIADyBQC03pzzHoZsXpLE4gwnC4vs7GxzAZ9rLivoN/ufgm/Kv4Y595nL7vtWO6YXP4EjSRUzZUXlpqemS0TMzAwOl89k/fcQ/+PAOWnNycMsnJ/AF/GF6FVR6JQJhIlou4U8gViQLmQKhH/V4X8YNicHGX6daxRodV8AfYU5ULhJB8hvPQBDIwMkbj96An3rWxAxCsi+vGitka9zjzJ6/uf6Hwtcim7hTEEiU+b2DI9kciWiLBmj34RswQISkAd0oAo0gS4wAixgDRyAM3AD3iAAhIBIEAOWAy5IAmlABLJBPtgACkEx2AF2g2pwANSBetAEToI2cAZcBFfADXALDIBHQAqGwUswAd6BaQiC8BAVokGqkBakD5lC1hAbWgh5Q0FQOBQDxUOJkBCSQPnQJqgYKoOqoUNQPfQjdBq6CF2D+qAH0CA0Bv0BfYQRmALTYQ3YALaA2bA7HAhHwsvgRHgVnAcXwNvhSrgWPg63whfhG/AALIVfwpMIQMgIA9FGWAgb8URCkFgkAREha5EipAKpRZqQDqQbuY1IkXHkAwaHoWGYGBbGGeOHWYzhYlZh1mJKMNWYY5hWTBfmNmYQM4H5gqVi1bGmWCesP3YJNhGbjS3EVmCPYFuwl7ED2GHsOxwOx8AZ4hxwfrgYXDJuNa4Etw/XjLuA68MN4SbxeLwq3hTvgg/Bc/BifCG+Cn8cfx7fjx/GvyeQCVoEa4IPIZYgJGwkVBAaCOcI/YQRwjRRgahPdCKGEHnEXGIpsY7YQbxJHCZOkxRJhiQXUiQpmbSBVElqIl0mPSa9IZPJOmRHchhZQF5PriSfIF8lD5I/UJQoJhRPShxFQtlOOUq5QHlAeUOlUg2obtRYqpi6nVpPvUR9Sn0vR5Mzl/OX48mtk6uRa5Xrl3slT5TXl3eXXy6fJ18hf0r+pvy4AlHBQMFTgaOwVqFG4bTCPYVJRZqilWKIYppiiWKD4jXFUSW8koGStxJPqUDpsNIlpSEaQtOledK4tE20Otpl2jAdRzek+9OT6cX0H+i99AllJWVb5SjlHOUa5bPKUgbCMGD4M1IZpYyTjLuMj/M05rnP48/bNq9pXv+8KZX5Km4qfJUilWaVAZWPqkxVb9UU1Z2qbapP1DBqJmphatlq+9Uuq43Pp893ns+dXzT/5PyH6rC6iXq4+mr1w+o96pMamhq+GhkaVRqXNMY1GZpumsma5ZrnNMe0aFoLtQRa5VrntV4wlZnuzFRmJbOLOaGtru2nLdE+pN2rPa1jqLNYZ6NOs84TXZIuWzdBt1y3U3dCT0svWC9fr1HvoT5Rn62fpL9Hv1t/ysDQINpgi0GbwaihiqG/YZ5ho+FjI6qRq9Eqo1qjO8Y4Y7ZxivE+41smsImdSZJJjclNU9jU3lRgus+0zwxr5mgmNKs1u8eisNxZWaxG1qA5wzzIfKN5m/krCz2LWIudFt0WXyztLFMt6ywfWSlZBVhttOqw+sPaxJprXWN9x4Zq42Ozzqbd5rWtqS3fdr/tfTuaXbDdFrtOu8/2DvYi+yb7MQc9h3iHvQ732HR2KLuEfdUR6+jhuM7xjOMHJ3snsdNJp9+dWc4pzg3OowsMF/AX1C0YctFx4bgccpEuZC6MX3hwodRV25XjWuv6zE3Xjed2xG3E3dg92f24+ysPSw+RR4vHlKeT5xrPC16Il69XkVevt5L3Yu9q76c+Oj6JPo0+E752vqt9L/hh/QL9dvrd89fw5/rX+08EOASsCegKpARGBFYHPgsyCRIFdQTDwQHBu4IfL9JfJFzUFgJC/EN2hTwJNQxdFfpzGC4sNKwm7Hm4VXh+eHcELWJFREPEu0iPyNLIR4uNFksWd0bJR8VF1UdNRXtFl0VLl1gsWbPkRoxajCCmPRYfGxV7JHZyqffS3UuH4+ziCuPuLjNclrPs2nK15anLz66QX8FZcSoeGx8d3xD/iRPCqeVMrvRfuXflBNeTu4f7kufGK+eN8V34ZfyRBJeEsoTRRJfEXYljSa5JFUnjAk9BteB1sl/ygeSplJCUoykzqdGpzWmEtPi000IlYYqwK10zPSe9L8M0ozBDuspp1e5VE6JA0ZFMKHNZZruYjv5M9UiMJJslg1kLs2qy3mdHZZ/KUcwR5vTkmuRuyx3J88n7fjVmNXd1Z752/ob8wTXuaw6thdauXNu5Tnddwbrh9b7rj20gbUjZ8MtGy41lG99uit7UUaBRsL5gaLPv5sZCuUJR4b0tzlsObMVsFWzt3WazrWrblyJe0fViy+KK4k8l3JLr31l9V/ndzPaE7b2l9qX7d+B2CHfc3em681iZYlle2dCu4F2t5czyovK3u1fsvlZhW3FgD2mPZI+0MqiyvUqvakfVp+qk6oEaj5rmvep7t+2d2sfb17/fbX/TAY0DxQc+HhQcvH/I91BrrUFtxWHc4azDz+ui6rq/Z39ff0TtSPGRz0eFR6XHwo911TvU1zeoN5Q2wo2SxrHjccdv/eD1Q3sTq+lQM6O5+AQ4ITnx4sf4H++eDDzZeYp9qukn/Z/2ttBailqh1tzWibakNml7THvf6YDTnR3OHS0/m/989Iz2mZqzymdLz5HOFZybOZ93fvJCxoXxi4kXhzpXdD66tOTSna6wrt7LgZevXvG5cqnbvfv8VZerZ645XTt9nX297Yb9jdYeu56WX+x+aem172296XCz/ZbjrY6+BX3n+l37L972un3ljv+dGwOLBvruLr57/17cPel93v3RB6kPXj/Mejj9aP1j7OOiJwpPKp6qP6391fjXZqm99Oyg12DPs4hnj4a4Qy//lfmvT8MFz6nPK0a0RupHrUfPjPmM3Xqx9MXwy4yX0+OFvyn+tveV0auffnf7vWdiycTwa9HrmT9K3qi+OfrW9m3nZOjk03dp76anit6rvj/2gf2h+2P0x5Hp7E/4T5WfjT93fAn88ngmbWbm3/eE8/sKZW5kc3RyZWFtCmVuZG9iago1IDAgb2JqClsgL0lDQ0Jhc2VkIDkgMCBSIF0KZW5kb2JqCjIgMCBvYmoKPDwgL1R5cGUgL1BhZ2VzIC9NZWRpYUJveCBbMCAwIDYxMiA3OTJdIC9Db3VudCAxIC9LaWRzIFsgMSAwIFIgXSA+PgplbmRvYmoKMTAgMCBvYmoKPDwgL1R5cGUgL0NhdGFsb2cgL1BhZ2VzIDIgMCBSID4+CmVuZG9iago3IDAgb2JqCjw8IC9UeXBlIC9Gb250IC9TdWJ0eXBlIC9UcnVlVHlwZSAvQmFzZUZvbnQgL0FBQUFBQytBcHRvcyAvRm9udERlc2NyaXB0b3IKMTEgMCBSIC9Ub1VuaWNvZGUgMTIgMCBSIC9GaXJzdENoYXIgMzMgL0xhc3RDaGFyIDM4IC9XaWR0aHMgWyA4OTIgNTU2IDIwMwo2ODYgMjYwIDQ3OSBdID4+CmVuZG9iagoxMiAwIG9iago8PCAvTGVuZ3RoIDI2NCAvRmlsdGVyIC9GbGF0ZURlY29kZSA+PgpzdHJlYW0KeAFdkE1qwzAQhfc6xSzTRbDs2CkFISgpAS/Slro9gC2NjaCWhCwvfPuOlDSFLt7im5k3f8WpfWmtiVC8B6c6jDAaqwMubg0KYcDJWFZWoI2KN8oxNfeeFWTutiXi3NrRgRAMoPggyxLDBrtn7QZ8SLG3oDEYO8Hu69TlSLd6/40z2gicSQkaR2p36f1rPyMU2bpvNeVN3Pbk+qv43DwCbUSO8rqSchoX3ysMvZ2QCc6lOJ8lQ6v/pY5XwzDeKqtSiiTOm0fJRFURkjivm4QHQhLnFU9YE5IoWydsCEmETwmPhCRqRVka/TskbZG+db9OrSHQYfml+eZ0i7F4/7p3PjXI+gE+un9eCmVuZHN0cmVhbQplbmRvYmoKMTEgMCBvYmoKPDwgL1R5cGUgL0ZvbnREZXNjcmlwdG9yIC9Gb250TmFtZSAvQUFBQUFDK0FwdG9zIC9GbGFncyA0IC9Gb250QkJveCBbLTUwMCAtMjc1IDExODIgMTAxMF0KL0l0YWxpY0FuZ2xlIDAgL0FzY2VudCA5MzkgL0Rlc2NlbnQgLTI4MiAvQ2FwSGVpZ2h0IDY1NyAvU3RlbVYgMCAvWEhlaWdodAo0NzYgL0F2Z1dpZHRoIDU2MSAvTWF4V2lkdGggMTI2OSAvRm9udEZpbGUyIDEzIDAgUiA+PgplbmRvYmoKMTMgMCBvYmoKPDwgL0xlbmd0aDEgNTY5MiAvTGVuZ3RoIDM1MDIgL0ZpbHRlciAvRmxhdGVEZWNvZGUgPj4Kc3RyZWFtCngBjVhrcBRXdr7d0/PQzAAjCcRjBN3D1YyBlpAQICOB7WGGkZBkw+iFuyUw0xq9sMEI8fTaZGVYr6lO7N3Upmwn2U1SqVTlB6nUHbybCFeysZ0ilfygKuXsJn+S2qr8iMtVm6QqVXmUjdX5zu2WwMS7lenHvedxz7nn3HPOvT2XFi5PswRbZCHWUT3nzDP5a/xrNC3VK5cMHw7Nof1wZn72nA9rOxhbd3P27CszPtz4gDF129y0M+XDDDDrmgPCh5V9aFvmzl265sONf4S2+ez5akBv/Dng1DnnWqCf/SNg42Xn3LTP39RM8PzCdEBXLOhb59N+yVsBLcp2M03yqCzF2oFS1GfX3ZQYoqvqd/77iTV/e3rdof9kiZhE/9MfXP6cOv8817n/gfLl/brLsfUAI0yVZEiA2Jtf/gVj8dwD5X/+A/SAsNpE897pDk9/YY+nn2pf0E+2f0+faPf08d2ebu++r1utnv58m6efaLuvj5mePrpzQB/Z6enDuzx9aNdtvbzT0I/vKOnHdtzWn9vh6c8+4emDOU8fyJl6f8usfrTlvt7X4um9WU8vZW/rR7inF7d7eiFzXz+c8fR85rb+jHFff9rw9KeM7+mHjHb94LYFvWebp3frnn5AX9Sf3Lqgd2319P1b7+v7mu/re5s9vbP5tr6nY0Hf3fqU3ta6oO/a+YKeha6WLenNJ/n2vL49tGXzycyWp3TjEDr6tll9285NTSe3bvT05iZPT+/f3DOxqaupZ2JLvkz9jdTfsPlg09x4Y3fDWH13aqzBTtlrupNj4W51TMOTtNd1rR1LdMfHot2RsbV23I7YzK7rjo2FQI3Zqp1ioXw+rNxVvstGzcGlqDc8KGLlCaHcEtkReueHxkXklmBj4xNWTVHett946y22tTAovjti3QkxdO2aqhaHrJoWetsuMJOZJh7/kt0ANk3lkYuhTze4ZYdGoSNHo5H9VcCHicXHP2QDZhMLF+hiDd5PvU9DP2f1jHn/tvIs/5b3r+GNrMGH2WvsdXYO11U2hYv632Dz7AobYdPsMjvLZsHxEt4X2YvsH5jDxtkCGwXHLHsV3N9mcxhxBe8LgL/FKuw8JL3KnsN4S0pwwHkW1CuQfl1KIv5hQGcg/yZkjkHmFKQssCH2PDsF/gv5gd9879133vz2G9+6eeP1xW/+yvXXXv3GK9euXrl86eLChfnzL587+9KLZ+ZmZ6anqpNO5fQLp05OjNvW8yfGRkeGysePPffs4ED/0b7eHXoqXteq1BLxIi9Ox9taWS2eQDfR1qqISFFEJVIcNw0sqpUZHLZKR9KZjJ3mGZEXWrZEjzPlVlcINkRgFMZCxOAIHxwat4ySW5GjgBn9CuTTD5BESQt6Qi2OWqLXBF5SfLhPwmD0waOPkftXyNwQrOy6UzUWykJMPl1TZCdc/FUblthcTJo8w61piKrFWDIzWimil1zpKUYfNBhLKTaJp/o8X1KC3rgljMqMfRTcTM0KeY8ssf38mt+vCKNqGCKS5ZNly80IpcLTATxswWOKk3YzPGPY9pL3UTNx8wxkqaxQ48qtoVpeuTUybt1NobbeGrXuqIparCBVWkCz7hqM5SUWmVMpEJJYDALYoIKVuaPGJH/6bp6xRUnVJELCVVghcT4TcAqrLqk+LiX5ajmpKI+6Wl3SfEp+RYIGXMzHLfrcOwLuGCgponzAVFRiSbTlD17CQubj4XwsX5dPqmtUrAWh7gDzAXjrFPZ+UlmjpGuQCQuAXlIWa3X59F0pyUd9oCyCk3CLEBiwqYzYHhEEjb7hY2gCC8bGrfeTDPLlGxwF+rW1lmrqMZM/DOshCwtYqinHzApCexBgKFsyENYiP2IRbyWNmM/Y9pG2Voouw+LTaW7X1q9350u1VKo46BYR6Ig1GWA1J5KrmK4lKOQo0HiqB2EbyvZXeW8FLBxpg7sfqOoJoyImKya6RqrXBdmoOsTNmmpqKFtTtKzyNHsafoskRZxPF0SCF1Ypz7BnfEqEKFFeEEqT7/USLxmbzrhVPokIzJet2fSM7UC2yHNHaLyQrmmsgOzapMCkUo0dM2HbIGLwuFmeQJKSMwzXPWLU8lrOqToEH8kg792AxI8coaRdGVEyXJF3qhVwlGzJ3NaKKbgl7hhTKB4wF54b4bQ5jJOW0XHLTU7xKQ4P5/OuA7PTRtVOu3ZVehzTwdRYW2v4YXUKipNKNSBbncFryWCTFT7pIyg7H8fNPo6YAdejOD5A6jDZAZo1WneAl6bAQY8zJUKIuIwxhR2LQoaVZd34hUwQscpkYE2lcDd1kOKGINAlBAC3K2a/Cs6tgr0gIxi07G4/VoSWo8izMuLFtDhrU7z4LI5YnDRcI8V7OL1knPWB2lcR4WyfWKw6sAM1CbEHxAAQhjWJWIbA3oq7EnEYpuVWNYmXsfaPiERJVUahWs2SF8Ri2ajYRqUCLDaFTNoQYbTGjEPBRWW3DP24y6j9aBx3BGMZJVBaRLEDzDjTPIPiDpwt/SqXD9oHECGWYGnX5a5QMMVsL5ghPiciuX5qcM+b3JnGIpI+w5mWY3sxXekdml+6xDM2WNQs+Z0chzo3Sa+qi2gUp5Bt4Wy92+Aa3S6q1ikUXC1XPVHBtmCkjF5DLrWDSCYn9BNkQ5DPWIeMleMhgmZzzqydimYfYoDMivOmzxyTUjGzYUuUSSndUXmjc8EU6sYDINICKcOoH6gKWChyXjjbD/fmEXppGm0IFVuZLBr++H4amg4wwTBgZNmlXRP7ij+FhD9fX2mE5IukvOuyIpbFQgsNc/DJUTJnRabsY9L+GEwJ0/UNQB+qaJ+jWxpSCQAtC7dDntwayQBa+byDrHd4esn7sIwaWQFU4bZN6nEj7GiEFO36gsldkBz7WlcEmnzliaxIgItM8BH+O54VuGEU5kw033FQAZScL+kJvHfX+5ABguek36TraEAo+yYtBJI0yLvptJizzSlfWMRv+g1UVFTu6pA8bUwgG3gmijoGD6CgGWLExCYibXtTjsghxKmEUFQqvZz1IoaCDmtigvGjCr0YUosfFSrA1R6/ozIlxg9QU8cP1FQlimqPGsxTa5Io9G61MoWtDxs1vMwOpA/RUQn+wELjxtpeodI0aoXTGmUWMkpc9ZcUaQW/EMMq/SoqIXnL92SMaO4qkRwpB5O3kZryfcWMQd7/HeXG/n/KEApyNUWdnAhVo1yMJvaLVYX8BRogBSiuqm/GAJkShqOR065bdXDCOrWWMjSZqwe+ATZ1w7TuwDb45jXYXSbtmAMMluCoReYnEAQyeBIgpODHj/zQToCYguEfoaAF877reQwODLh918G/kCfjPCDLxCBhNO6qaaPXS08FXL30BJmUCLI0+VjVD8T7a1r3VSJfFUYbPV+VSFBNSeIwrKXD0JgzUnBXj1y6HCwB7PbUlGguYEBEpmBmj+smuL+lcCr/d3EAZfJwyWxU568ixHUsvevG1nw9JfY4/xo5gJIfq7xmtSUpQTrEiyJRpPMLFlDUUR3ajfW9fo/CDVEhjxOPbIcSRan46Ca5iXwPR2MIPH5eFjNiXPHbjExpX9zj2FHrOpSQp+7BGSmhoA3nMvSkyXUy5gQy47xp+0eu6xQbN2RK3TAN4wzOWUUFpy1slOgbqAbgjuVkkXNx4DnjYGtGHaK6Y2/CWWqYTsf4AuApQznEDvmfRdyPuBHsAVrWOpTutvFdseR91kz1Cq5RscnjGXUNI1UPkms04ENDvEGpqAU0LnHYxSO5gIsseMN0XZ+PzuRJ1R0cgRPoiy1+IB3HnFa/v94zfxkZm1NxFPVKnObXMuQKcYK/gsNCkQvDOImSCGRfs+262E5dTt9UJyz/TSSltZlOBnSKCXjTzfhGewgmMRQWLXnvN9Pn0qq2V1e0LUAbqXVX1Inq12qjKFMm6C1vaV2ti3Ffv5YLlLon3XF8H2bEVlIczAPg2maq2nIm79FMWOgeY+HrTGgXmVA3MBH6CWuIcnwE/R6jn4KLfkn8U9WENoM2jC+TCPCh4D+w0+wtVmN/yX6mrFPW+bjQvfAA6OtYI2tj7fktuzYaW54It2jx9WfiWiq1e2tLY6OiLrDYAv7c6Ez9VWf9XrzM+oaN3R17LtRn6rPbc/v3de3tbNqwPhLO1GeUXNeTXV379+X49sgGvkKJRiLR0L3lzS0dHS0tnZ3Lh0NPP/hYmdYOHuzpGj4xenr+91+/8dvl4pPbtfDA53/ys/aWlnZ6vq99/OC/hl9qa+3rOnjcKl+/9dpL5al95uB+BssE/LEW/6rE2QaW+tMNmGVCTrPT7OzYc7E+06k1bFivajy7t1NOKMdRWO79nbLr+z9Y/vtPlv/9s9q/XLj46R9/Fi787vInP/np8ie/8+6Fz2ri0wV4DLK1BGQn2OZ8MhyLMQ3i61bE13e375UqNsBg+YjQxJe2euHL76h/GC68szzyG8vmO7QmkKNMQU6IJX+06kYaurde/DBc+PzH4ME/P6GPwRNljfm6aGwhoqoheNyEq82OPU59Zj/pUH59+fWQWL6h3X733S/GSLaK/yEzGJdkej4VCSVCMRYLh6ElvjrPvf46Ocpexb+5oii/tnzlz5UO5fDfKAWl84fLV/9s+UfLH4QLX/xAq9Lz+Y+1hS/elrFEc/OjKgIt7DD9iubh+UvnLzL2v6SH4EgKZW5kc3RyZWFtCmVuZG9iago4IDAgb2JqCjw8IC9UeXBlIC9Gb250IC9TdWJ0eXBlIC9UcnVlVHlwZSAvQmFzZUZvbnQgL0FBQUFBRCtJQk1QbGV4TW9ubyAvRm9udERlc2NyaXB0b3IKMTQgMCBSIC9FbmNvZGluZyAvTWFjUm9tYW5FbmNvZGluZyAvRmlyc3RDaGFyIDMyIC9MYXN0Q2hhciAxMTUgL1dpZHRocyBbIDYwMAowIDAgMCAwIDAgMCAwIDAgMCAwIDAgMCAwIDAgMCAwIDAgMCAwIDAgMCAwIDAgMCAwIDAgMCAwIDAgMCAwIDAgMCAwIDAgMCAwCjAgMCA2MDAgMCAwIDAgMCAwIDAgMCA2MDAgMCAwIDYwMCAwIDAgMCAwIDAgMCAwIDAgNjAwIDAgMCAwIDAgNjAwIDAgMCAwIDYwMAowIDYwMCAwIDYwMCAwIDAgNjAwIDAgNjAwIDAgMCAwIDYwMCA2MDAgXSA+PgplbmRvYmoKMTQgMCBvYmoKPDwgL1R5cGUgL0ZvbnREZXNjcmlwdG9yIC9Gb250TmFtZSAvQUFBQUFEK0lCTVBsZXhNb25vIC9GbGFncyAzMyAvRm9udEJCb3gKWy0yNjAgLTI1MSA2NDggMTExOV0gL0l0YWxpY0FuZ2xlIDAgL0FzY2VudCAxMDI1IC9EZXNjZW50IC0yNzUgL0NhcEhlaWdodAo2OTggL1N0ZW1WIDAgL1hIZWlnaHQgNTE2IC9BdmdXaWR0aCA2MDAgL01heFdpZHRoIDYwMCAvRm9udEZpbGUyIDE1IDAgUiA+PgplbmRvYmoKMTUgMCBvYmoKPDwgL0xlbmd0aDEgNDE0MCAvTGVuZ3RoIDI1ODEgL0ZpbHRlciAvRmxhdGVEZWNvZGUgPj4Kc3RyZWFtCngBrVddTBvZFT53ZmxjMMYm/gOD8XjAGAw2/uMngCFgAwk/axLY2tn8kYT8k1+STaXdbRRppZUfWrVaaaWqUvLQh1UfWrdNK7BUJVKlVR76k6dq1Ubdl5Xah66ah1RaqcT0uzMT42b72LHunHvOvffcc84957vjzZu318lC90ikyTMba9dJfaSvQZ6cubPp13jRAjp57vr5DZ1fIGK3zl/59jmNN3xOZH5xYX3trMbTDujgBQg0niVBOy9sbN7VeOkJ6PCVa2f0ccMWeN/G2l19f3oO3n91bWMdFI+tDq/O69dubaosNT0Fnbx+c12fz/Kw55E2VvNm6FtpFb7xh3NE9UQCCS1qn0sEot8/2Ng92TT2LzKLf+fyP53+6kca/eIHlZ1dg/CRdBK8mc9VH6yTWOUrLM5Xdio7wke6bn0YxAqHwlSGvIGEMCsjxNg1zB6jk6EhjHXQPsyrCz+mRpqkFPWQj5pVCT3GsmM0T6PUSy59kkDLNE1JCpJHl4h0Aa5NUx8WaookSlMca/zk0CUGytEUJairqsdIUerGCjcM0VaZKAatCjnJpkvqaAkmxamzusoMrQFqhckN+px6+j69S8ehPaRLGmBxmgaqq+C9FTEzhREKf/b9i55MGVqbid0uYyfQzTJN6FSVg7+u8w91qs7DfHUe6CQ809Zp9IHOP9TpH3V6XafX4AGffwpRY7fKdI1T8E2cQp/Kgz5QeQRlDKeToqNw6w7dpCwVEZqDdJjehpOW3WGysINkZJfR3kK7QUZBIouA4xW+JAsc7ZvfInMu/3PGvlvYYrsfblGmfRtREE+e6N8i1uf3Zy9mSuwUGKEPgl4ZPbHPP1MSu2YO55WCv+gvHjxb9M/4L6ydLUldKsXAerEQ9ZfoSP4i3it5uTRZ8Fa764XCfuiRuB4swfRiARou6RpAVVH0FSYZ+ub9JTGYyy/nS/cy3tJkpuCVZX+29CSXLz3JeOVCAbOMVUthMT87zWYTbDb2YrxO03IkX5r0lqhQLHKdR/KKXLpXLHqL8EPnt+jJGwJGbwomdQEiAR2IRHaL3ctBGYgie7lAkRUZdhYy2NvcN38kn4WlcqEfFUh+NE6n0Kb1dgk0h3YabVGXcf4oWj+nOE+GH38sZKRfgPppRZeo4v/LC2jzXw8vH77jm09jVSDoPY5ZEppB5Y14m9Qeihb5xJ84fmUWEQThmPCx8EKcE59KfumK9FcVvQX4Q8IwkFvEyv1lKMNCe/MI8sSGTH1GeGXzeEW929BmTReQj8/BY1QCZaCm5wOxhF22d8l22S94Kp3sYeWUaNl5OSZ8jDUCTe2+FIKCjWTASrEMEBugmLpHD1Y3Vvfw8j281Mr3UDc1cYFJ2/QbVphs20CbupdlQKOJvKq+xug2tHOZhLEeyN6DmVHPFnkxuxkj3PJtwGrdy4GYHAh2K1amBIKp5OAoSyWDSsBo6k6LibjLaU84u+JpYRzDxnbmcLF/RkMGg31+YvnUxdtXJ0eTU47B+kB8svudy3OVv3Qkgs6rc1MjA539iZWDc0uJkZEeJeQIttuPHa58OTPU1KI4VkNBZ6iHx2Ma8XAiHu0AzMtl4GyY+lT7fYhHfTUe9dz9+pp47B3CNlCIO1MPZ3yqw3ZIfKoSe3SLbM+2qJU39O2Y06k6bAhEhFQyLSTiPqGdyU6HD93BIbeViQErl6SSEYGlhgsTASX9rVRydcxfue/qGe1MLjhG3ZcPy8M9bhZydqUswdkz4+mzs8Hg9LGhoCewv9c90BtKTrM/e3pHAqaGwHCPCxk1vdsnxIRDNEIzqJrPyhCt0tuqkSI8zcBATmerHrdwj1tqPJa5QK4RiFwgko3niAzH/KrzYYhaVL3h6AGMIqDs5gEDED2M2yJMwvEyjWNOWJ0zHsXQAwh+hibcwIJn6LDj27hyGxBUEXqn1fCG0ZtVey3oLWlBdBi1jBlKRZAzgxrhQXWraeRUnD7mdFgFzOq2ik6Ha5TFXaZkMMyMGjMoxgfHmZptPLOE2P3772/0hVyeVGgg1ZY61L+/ry1wcrPN156c72/0WCytLmuk6+bZo/Px9C+TgxNLM0u/GRsZGRsbHh5dmp9K90YaLA2B1lCoXnIeHuqeirY6zb7QjOKZ6uEMSt/c5Gh0N81Pd3Q5Y4FYmB0ZjrRHhobwGub5eAmvgPAPFJKbzmj3nhbNJpyOWD2dZh775prDcHOBW6vPZgQI6POSF6wRQXSDt6qh4yN2tWeFOsezgRgLBOH/IMoM/htZwq6kZNSbzBaUtjYFrfLvcpnV/7QyJ9xpd9lc7err1R/Ye5nKZAbbAIFzsLkO96mZZvkHVD014Gxfo5XEDZPIV0USMxeYuaXcSl45EqwS1R6HMiOsGqrakXv0iEmPKnMZ4Vjm1Sm+IaPTeO2gZj28Ypt5ktbsx7h6VhMZfb89KNsrXR3brHyJVYudGbZwcOIFgq87KH4fcY96OKwmnAkdkBQ7Txmr4LSfzkl1HmXAv3w6lx7zRDpdgrSyT2m1nT9R+RUbn81aPMGWyg+1OC0iTlF8fzjoZhnH4CRXjd16nPbM/AbkOLiZjv8dOA4+jaiYMq5GXE2a2UaOtjyk9tch5R6wUeZUgRSnvPjJJ38z2ArZubXs6tPKcganen88m8sd+CKDGHJstCDOCR5nBd+yqRp7W7k1rTVxrg1rK8xR1CjaQLk5GtibVJkEVDBBVgYcmNTD48CrqJAwEDOgVod8DGjIITDKIqKGky63KSLCcA6VHcyHajay+PLtnsGufHpssanV37zsnUgqHcML/TPnu5Jmb3cyMH6gqVW2L7elk8q7lqFItLs3HHF4bWbRIlk7kr3dI937+rpjDe59lt5QjXxxpSavy/iEvldGaVqoscZ//bzaqnldxwNSR3sCHR/Ve1q9Mhv4jAZ+gLxMJBLVuDAOk9+DgHH4UzvH0eH/KTgOGnGqKFPZrtj5xY7CYI8qL1ZWmA1tvPJboVz5HUu+moGB+EYSOvBtW48sWeX/YLQM2yILcqCuih16hewZundy3Fd8Y6l2NeACN6sgzHCaDtUM1ADuY4cxzFr4AXHkDLOjlbVz59Z+8mlqdDT1qVC+dPLkpcrn7EYqloyl1Dj2I498wmc4bSCaCf9/+mvi6OJBcdWEbc8ajl/8EnBh/3b0+P+Tdt06jl+Nz3hautRc2iIFkk4kem3+BLX04fCG7OHfD4D918nTe+Ju93jPOxMLuf34Ssj2Nn9weeWWMtp++MDswsih+cRMuPk7luxgPBGfmUiMWBrNnYlx+dTp4UQiODA2Fh1thCSeDqxd5Zh0dPcOqwhfAzWcZTgtkUHzkeHWpyisYgnGfl358Rw7VhTv73yAo+KgQLS7if8wXMObjxUCkTI0R4dogd7C30lc2Ihhggbx94o/DAilrTNyrDrAn0z44NRi7sr63cVrV6/9B/WRE6sKZW5kc3RyZWFtCmVuZG9iagoxNiAwIG9iago8PCAvUHJvZHVjZXIgKG1hY09TIFZlcnNpb24gMTQuNSBcKEJ1aWxkIDIzRjc5XCkgUXVhcnR6IFBERkNvbnRleHQpIC9DcmVhdGlvbkRhdGUKKEQ6MjAyNDA2MjgxMjM2MThaMDAnMDAnKSAvTW9kRGF0ZSAoRDoyMDI0MDYyODEyMzYxOFowMCcwMCcpID4+CmVuZG9iagp4cmVmCjAgMTcKMDAwMDAwMDAwMCA2NTUzNSBmIAowMDAwMDAwNDc1IDAwMDAwIG4gCjAwMDAwMDM0MzkgMDAwMDAgbiAKMDAwMDAwMDAyMiAwMDAwMCBuIAowMDAwMDAwNTg0IDAwMDAwIG4gCjAwMDAwMDM0MDQgMDAwMDAgbiAKMDAwMDAwMDAwMCAwMDAwMCBuIAowMDAwMDAzNTcyIDAwMDAwIG4gCjAwMDAwMDc5MTMgMDAwMDAgbiAKMDAwMDAwMDY5MiAwMDAwMCBuIAowMDAwMDAzNTIyIDAwMDAwIG4gCjAwMDAwMDQwODkgMDAwMDAgbiAKMDAwMDAwMzc1MiAwMDAwMCBuIAowMDAwMDA0MzIzIDAwMDAwIG4gCjAwMDAwMDgyODAgMDAwMDAgbiAKMDAwMDAwODUyMCAwMDAwMCBuIAowMDAwMDExMTg5IDAwMDAwIG4gCnRyYWlsZXIKPDwgL1NpemUgMTcgL1Jvb3QgMTAgMCBSIC9JbmZvIDE2IDAgUiAvSUQgWyA8YjZkZmE1NjQzYjk3MzI3NmRiNjgyNDEzNjgwNmFlZTA+CjxiNmRmYTU2NDNiOTczMjc2ZGI2ODI0MTM2ODA2YWVlMD4gXSA+PgpzdGFydHhyZWYKMTEzNTEKJSVFT0YK
&amp#27;[2m2024-07-14T12:00:56.087+02:00&amp#27;[0;39m &amp#27;[32m INFO&amp#27;[0;39m &amp#27;[35m74195&amp#27;[0;39m &amp#27;[2m---&amp#27;[0;39m &amp#27;[2m[   scheduling-1]&amp#27;[0;39m &amp#27;[2m&amp#27;[0;39m&amp#27;[36mi.c.c.r.i.i.ProcessDefinitionImporter   &amp#27;[0;39m &amp#27;[2m:&amp#27;[0;39m Detected changes in process definitions
&amp#27;[2m2024-07-14T12:00:56.087+02:00&amp#27;[0;39m &amp#27;[32m INFO&amp#27;[0;39m &amp#27;[35m74195&amp#27;[0;39m &amp#27;[2m---&amp#27;[0;39m &amp#27;[2m[   scheduling-1]&amp#27;[0;39m &amp#27;[2m&amp#27;[0;39m&amp#27;[36mi.c.c.r.i.i.ProcessDefinitionImporter   &amp#27;[0;39m &amp#27;[2m:&amp#27;[0;39m . 8 newly deployed
&amp#27;[2m2024-07-14T12:00:56.087+02:00&amp#27;[0;39m &amp#27;[32m INFO&amp#27;[0;39m &amp#27;[35m74195&amp#27;[0;39m &amp#27;[2m---&amp#27;[0;39m &amp#27;[2m[   scheduling-1]&amp#27;[0;39m &amp#27;[2m&amp#27;[0;39m&amp#27;[36mi.c.c.r.i.i.ProcessDefinitionImporter   &amp#27;[0;39m &amp#27;[2m:&amp#27;[0;39m . Process: Process_j38yhkc, version: 5 for tenant: <default>
&amp#27;[2m2024-07-14T12:00:56.087+02:00&amp#27;[0;39m &amp#27;[32m INFO&amp#27;[0;39m &amp#27;[35m74195&amp#27;[0;39m &amp#27;[2m---&amp#27;[0;39m &amp#27;[2m[   scheduling-1]&amp#27;[0;39m &amp#27;[2m&amp#27;[0;39m&amp#27;[36mi.c.c.r.i.i.ProcessDefinitionImporter   &amp#27;[0;39m &amp#27;[2m:&amp#27;[0;39m . Process: Process_0molvih, version: 2 for tenant: <default>
&amp#27;[2m2024-07-14T12:00:56.087+02:00&amp#27;[0;39m &amp#27;[32m INFO&amp#27;[0;39m &amp#27;[35m74195&amp#27;[0;39m &amp#27;[2m---&amp#27;[0;39m &amp#27;[2m[   scheduling-1]&amp#27;[0;39m &amp#27;[2m&amp#27;[0;39m&amp#27;[36mi.c.c.r.i.i.ProcessDefinitionImporter   &amp#27;[0;39m &amp#27;[2m:&amp#27;[0;39m . Process: Process_0ncj3g5, version: 4 for tenant: <default>
&amp#27;[2m2024-07-14T12:00:56.087+02:00&amp#27;[0;39m &amp#27;[32m INFO&amp#27;[0;39m &amp#27;[35m74195&amp#27;[0;39m &amp#27;[2m---&amp#27;[0;39m &amp#27;[2m[   scheduling-1]&amp#27;[0;39m &amp#27;[2m&amp#27;[0;39m&amp#27;[36mi.c.c.r.i.i.ProcessDefinitionImporter   &amp#27;[0;39m &amp#27;[2m:&amp#27;[0;39m . Process: Process_06u169j, version: 1 for tenant: <default>
&amp#27;[2m2024-07-14T12:00:56.088+02:00&amp#27;[0;39m &amp#27;[32m INFO&amp#27;[0;39m &amp#27;[35m74195&amp#27;[0;39m &amp#27;[2m---&amp#27;[0;39m &amp#27;[2m[   scheduling-1]&amp#27;[0;39m &amp#27;[2m&amp#27;[0;39m&amp#27;[36mi.c.c.r.i.i.ProcessDefinitionImporter   &amp#27;[0;39m &amp#27;[2m:&amp#27;[0;39m . Process: Process_0oilp8c, version: 2 for tenant: <default>
&amp#27;[2m2024-07-14T12:00:56.088+02:00&amp#27;[0;39m &amp#27;[32m INFO&amp#27;[0;39m &amp#27;[35m74195&amp#27;[0;39m &amp#27;[2m---&amp#27;[0;39m &amp#27;[2m[   scheduling-1]&amp#27;[0;39m &amp#27;[2m&amp#27;[0;39m&amp#27;[36mi.c.c.r.i.i.ProcessDefinitionImporter   &amp#27;[0;39m &amp#27;[2m:&amp#27;[0;39m . Process: Process_0du6zjm, version: 1 for tenant: <default>
&amp#27;[2m2024-07-14T12:00:56.088+02:00&amp#27;[0;39m &amp#27;[32m INFO&amp#27;[0;39m &amp#27;[35m74195&amp#27;[0;39m &amp#27;[2m---&amp#27;[0;39m &amp#27;[2m[   scheduling-1]&amp#27;[0;39m &amp#27;[2m&amp#27;[0;39m&amp#27;[36mi.c.c.r.i.i.ProcessDefinitionImporter   &amp#27;[0;39m &amp#27;[2m:&amp#27;[0;39m . Process: Process_01gw7zt, version: 6 for tenant: <default>
&amp#27;[2m2024-07-14T12:00:56.088+02:00&amp#27;[0;39m &amp#27;[32m INFO&amp#27;[0;39m &amp#27;[35m74195&amp#27;[0;39m &amp#27;[2m---&amp#27;[0;39m &amp#27;[2m[   scheduling-1]&amp#27;[0;39m &amp#27;[2m&amp#27;[0;39m&amp#27;[36mi.c.c.r.i.i.ProcessDefinitionImporter   &amp#27;[0;39m &amp#27;[2m:&amp#27;[0;39m . Process: Process_08v5b4g, version: 3 for tenant: <default>
&amp#27;[2m2024-07-14T12:00:56.088+02:00&amp#27;[0;39m &amp#27;[32m INFO&amp#27;[0;39m &amp#27;[35m74195&amp#27;[0;39m &amp#27;[2m---&amp#27;[0;39m &amp#27;[2m[   scheduling-1]&amp#27;[0;39m &amp#27;[2m&amp#27;[0;39m&amp#27;[36mi.c.c.r.i.i.ProcessDefinitionImporter   &amp#27;[0;39m &amp#27;[2m:&amp#27;[0;39m . 0 replaced with new version
&amp#27;[2m2024-07-14T12:00:56.088+02:00&amp#27;[0;39m &amp#27;[32m INFO&amp#27;[0;39m &amp#27;[35m74195&amp#27;[0;39m &amp#27;[2m---&amp#27;[0;39m &amp#27;[2m[   scheduling-1]&amp#27;[0;39m &amp#27;[2m&amp#27;[0;39m&amp#27;[36mi.c.c.r.i.i.ProcessDefinitionImporter   &amp#27;[0;39m &amp#27;[2m:&amp#27;[0;39m . 0 deleted
]]></system-out>
    <system-err><![CDATA[WARNING: A Java agent has been loaded dynamically (/Users/william.marcq/.m2/repository/net/bytebuddy/byte-buddy-agent/1.14.12/byte-buddy-agent-1.14.12.jar)
WARNING: If a serviceability tool is in use, please run with -XX:+EnableDynamicAgentLoading to hide this warning
WARNING: If a serviceability tool is not in use, please run with -Djdk.instrument.traceUsage for more information
WARNING: Dynamic loading of agents will be disallowed by default in a future release
]]></system-err>
  </testcase>
</testsuite>